Traceback (most recent call last):
  File "C:\Users\Mon\Desktop\Mon\Main\Apps\AutoKey\main.py", line 73, in <module>
    main()
  File "C:\Users\Mon\Desktop\Mon\Main\Apps\AutoKey\main.py", line 67, in main
    window = MainWindow()
             ^^^^^^^^^^^^
  File "C:\Users\Mon\Desktop\Mon\Main\Apps\AutoKey\ui\main_window.py", line 55, in __init__
    self.setup_ui()
  File "C:\Users\Mon\Desktop\Mon\Main\Apps\AutoKey\ui\main_window.py", line 72, in setup_ui
    self.settings_interface = AutoKeySettingsInterface(self)
                              ^^^^^^^^^^^^^^^^^^^^^^^^^^^^^^
  File "C:\Users\Mon\Desktop\Mon\Main\Apps\AutoKey\ui\autokey_settings_interface.py", line 27, in __init__
    FIF.KEYBOARD,
    ^^^^^^^^^^^^
  File "C:\Users\Mon\AppData\Local\Programs\Python\Python311\Lib\enum.py", line 784, in __getattr__
    raise AttributeError(name) from None
AttributeError: KEYBOARD

Traceback (most recent call last):
  File "C:\Users\Mon\Desktop\Mon\Main\Apps\AutoKey\main.py", line 73, in <module>
    main()
  File "C:\Users\Mon\Desktop\Mon\Main\Apps\AutoKey\main.py", line 67, in main
    window = MainWindow()
             ^^^^^^^^^^^^
  File "C:\Users\Mon\Desktop\Mon\Main\Apps\AutoKey\ui\main_window.py", line 55, in __init__
    self.setup_ui()
  File "C:\Users\Mon\Desktop\Mon\Main\Apps\AutoKey\ui\main_window.py", line 72, in setup_ui
    self.settings_interface = AutoKeySettingsInterface(self)
                              ^^^^^^^^^^^^^^^^^^^^^^^^^^^^^^
  File "C:\Users\Mon\Desktop\Mon\Main\Apps\AutoKey\ui\autokey_settings_interface.py", line 96, in __init__
    self.after_action_card = ComboBoxSettingCard(
                             ^^^^^^^^^^^^^^^^^^^^
  File "C:\Users\Mon\AppData\Local\Programs\Python\Python311\Lib\site-packages\qfluentwidgets\components\settings\setting_card.py", line 432, in __init__
    self.optionToText = {o: t for o, t in zip(configItem.options, texts)}
                                              ^^^^^^^^^^^^^^^^^^
AttributeError: 'NoneType' object has no attribute 'options'

Traceback (most recent call last):
  File "C:\Users\Mon\Desktop\Mon\Main\Apps\AutoKey\main.py", line 73, in <module>
    main()
  File "C:\Users\Mon\Desktop\Mon\Main\Apps\AutoKey\main.py", line 67, in main
    window = MainWindow()
             ^^^^^^^^^^^^
  File "C:\Users\Mon\Desktop\Mon\Main\Apps\AutoKey\ui\main_window.py", line 55, in __init__
    self.setup_ui()
  File "C:\Users\Mon\Desktop\Mon\Main\Apps\AutoKey\ui\main_window.py", line 72, in setup_ui
    self.settings_interface = AutoKeySettingsInterface(self)
                              ^^^^^^^^^^^^^^^^^^^^^^^^^^^^^^
  File "C:\Users\Mon\Desktop\Mon\Main\Apps\AutoKey\ui\autokey_settings_interface.py", line 95, in __init__
    self.after_action_card = ComboBoxSettingCard(
                             ^^^^^^^^^^^^^^^^^^^^
  File "C:\Users\Mon\AppData\Local\Programs\Python\Python311\Lib\site-packages\qfluentwidgets\components\settings\setting_card.py", line 432, in __init__
    self.optionToText = {o: t for o, t in zip(configItem.options, texts)}
                                              ^^^^^^^^^^^^^^^^^^
AttributeError: 'FluentIcon' object has no attribute 'options'

Traceback (most recent call last):
  File "C:\Users\Mon\AppData\Local\Programs\Python\Python311\Lib\site-packages\qfluentwidgets\components\navigation\navigation_panel.py", line 573, in eventFilter
    def eventFilter(self, obj, e: QEvent):
    
KeyboardInterrupt

Traceback (most recent call last):
  File "C:\Users\Mon\Desktop\Mon\Main\Apps\AutoKey\main.py", line 73, in <module>
    main()
  File "C:\Users\Mon\Desktop\Mon\Main\Apps\AutoKey\main.py", line 67, in main
    window = MainWindow()
             ^^^^^^^^^^^^
  File "C:\Users\Mon\Desktop\Mon\Main\Apps\AutoKey\ui\main_window.py", line 53, in __init__
    self.setup_ui()
  File "C:\Users\Mon\Desktop\Mon\Main\Apps\AutoKey\ui\main_window.py", line 76, in setup_ui
    self.setCentralWidget(central)
    ^^^^^^^^^^^^^^^^^^^^^
AttributeError: 'MainWindow' object has no attribute 'setCentralWidget'

Traceback (most recent call last):
  File "C:\Users\Mon\Desktop\Mon\Main\Apps\AutoKey\main.py", line 73, in <module>
    main()
  File "C:\Users\Mon\Desktop\Mon\Main\Apps\AutoKey\main.py", line 67, in main
    window = MainWindow()
             ^^^^^^^^^^^^
  File "C:\Users\Mon\Desktop\Mon\Main\Apps\AutoKey\ui\main_window.py", line 53, in __init__
    self.setup_ui()
  File "C:\Users\Mon\Desktop\Mon\Main\Apps\AutoKey\ui\main_window.py", line 76, in setup_ui
    self.setCentralWidget(central)
    ^^^^^^^^^^^^^^^^^^^^^
AttributeError: 'MainWindow' object has no attribute 'setCentralWidget'

Traceback (most recent call last):
  File "C:\Users\Mon\AppData\Local\Programs\Python\Python311\Lib\site-packages\qfluentwidgets\common\style_sheet.py", line 254, in eventFilter
    def eventFilter(self, obj: QWidget, e: QEvent):
    
KeyboardInterrupt

Traceback (most recent call last):
  File "C:\Users\Mon\Desktop\Mon\Main\Apps\AutoKey\ui\main_window.py", line 1021, in closeEvent
    def closeEvent(self, event):
    
KeyboardInterrupt

Traceback (most recent call last):
  File "C:\Users\Mon\AppData\Local\Programs\Python\Python311\Lib\site-packages\qfluentwidgets\common\style_sheet.py", line 254, in eventFilter
    def eventFilter(self, obj: QWidget, e: QEvent):
    
KeyboardInterrupt

Traceback (most recent call last):
  File "C:\Users\Mon\AppData\Local\Programs\Python\Python311\Lib\site-packages\qfluentwidgets\common\style_sheet.py", line 254, in eventFilter
    def eventFilter(self, obj: QWidget, e: QEvent):
    
KeyboardInterrupt

Traceback (most recent call last):
  File "C:\Users\Mon\AppData\Local\Programs\Python\Python311\Lib\site-packages\qfluentwidgets\common\style_sheet.py", line 254, in eventFilter
    def eventFilter(self, obj: QWidget, e: QEvent):
    
KeyboardInterrupt

Traceback (most recent call last):
  File "C:\Users\Mon\AppData\Local\Programs\Python\Python311\Lib\site-packages\qfluentwidgets\common\style_sheet.py", line 254, in eventFilter
    def eventFilter(self, obj: QWidget, e: QEvent):
    
KeyboardInterrupt

Traceback (most recent call last):
  File "C:\Users\Mon\AppData\Local\Programs\Python\Python311\Lib\site-packages\qfluentwidgets\common\style_sheet.py", line 254, in eventFilter
    def eventFilter(self, obj: QWidget, e: QEvent):
    
KeyboardInterrupt

Traceback (most recent call last):
  File "C:\Users\Mon\Desktop\Mon\Main\Apps\AutoKey\main.py", line 51, in <module>
    main()
    ^^^^
NameError: name 'main' is not defined

Traceback (most recent call last):
  File "C:\Users\Mon\Desktop\Mon\Main\Apps\AutoKey\ui\main_window.py", line 1045, in closeEvent
    screen = self.screen().availableGeometry().center()
    
KeyboardInterrupt

Traceback (most recent call last):
  File "c:\Users\Mon\Desktop\Mon\Main\Apps\AutoKey\ui\main_window.py", line 751, in save_recording
    self.save_recording_as()
    ~~~~~~~~~~~~~~~~~~~~~~^^
  File "c:\Users\Mon\Desktop\Mon\Main\Apps\AutoKey\ui\main_window.py", line 762, in save_recording_as
    macros_dir = os.path.join(os.path.dirname(os.path.abspath(__file__)), "macros")
                 ^^
NameError: name 'os' is not defined. Did you mean: 'ok'? Or did you forget to import 'os'?

Traceback (most recent call last):
  File "C:\Users\Mon\Desktop\Mon\Main\Apps\AutoKey\main.py", line 79, in <module>
    main()
  File "C:\Users\Mon\Desktop\Mon\Main\Apps\AutoKey\main.py", line 73, in main
    window = MainWindow()
             ^^^^^^^^^^^^
  File "C:\Users\Mon\Desktop\Mon\Main\Apps\AutoKey\ui\main_window.py", line 69, in __init__
    self.setup_ui()
  File "C:\Users\Mon\Desktop\Mon\Main\Apps\AutoKey\ui\main_window.py", line 106, in setup_ui
    self.steps_interface = StepsInterface(self)
                           ^^^^^^^^^^^^^^^^^^^^
  File "C:\Users\Mon\Desktop\Mon\Main\Apps\AutoKey\ui\steps_interface.py", line 411, in __init__
    self.play_dropdown_btn = ToolButton(FIF.CHEVRON_DOWN, self)
                                        ^^^^^^^^^^^^^^^^
  File "C:\Users\Mon\AppData\Local\Programs\Python\Python311\Lib\enum.py", line 784, in __getattr__
    raise AttributeError(name) from None
AttributeError: CHEVRON_DOWN

Traceback (most recent call last):
  File "C:\Users\Mon\AppData\Local\Programs\Python\Python311\Lib\site-packages\qfluentwidgets\common\style_sheet.py", line 254, in eventFilter
    def eventFilter(self, obj: QWidget, e: QEvent):
    
KeyboardInterrupt

Traceback (most recent call last):
  File "C:\Users\Mon\AppData\Local\Programs\Python\Python311\Lib\site-packages\qfluentwidgets\components\widgets\info_bar.py", line 427, in eventFilter
    def eventFilter(self, obj, e: QEvent):
    
KeyboardInterrupt

Traceback (most recent call last):
  File "C:\Users\Mon\AppData\Local\Programs\Python\Python311\Lib\site-packages\qfluentwidgets\components\widgets\info_bar.py", line 427, in eventFilter
    def eventFilter(self, obj, e: QEvent):
    
KeyboardInterrupt

Traceback (most recent call last):
  File "C:\Users\Mon\AppData\Local\Programs\Python\Python311\Lib\site-packages\qfluentwidgets\components\widgets\info_bar.py", line 427, in eventFilter
    def eventFilter(self, obj, e: QEvent):
    
KeyboardInterrupt

