[2025-11-30 19:34:57] ==================================================
[2025-11-30 19:34:57] Main.pyw launched
[2025-11-30 19:34:57] Python: C:\Users\Mon\AppData\Local\Programs\Python\Python311\python.exe
[2025-11-30 19:34:57] Version: 3.11.8 (tags/v3.11.8:db85d51, Feb  6 2024, 22:03:32) [MSC v.1937 64 bit (AMD64)]
[2025-11-30 19:34:57] Current Working Dir Before: C:\Users\Mon\Desktop\Mon
[2025-11-30 19:34:57] Main Root: c:\Users\Mon\Desktop\Mon\Main
[2025-11-30 19:34:57] Working Directory changed to: c:\Users\Mon\Desktop\Mon\Main
[2025-11-30 19:34:57] Apps folder exists: True
[2025-11-30 19:34:57] Apps folder contents: ['AHK_Tool', 'Android_Tool', 'AutoKey']
[2025-11-30 19:35:10] ==================================================
[2025-11-30 19:35:10] Main.pyw launched
[2025-11-30 19:35:10] Python: C:\Users\Mon\AppData\Local\Programs\Python\Python311\python.exe
[2025-11-30 19:35:10] Version: 3.11.8 (tags/v3.11.8:db85d51, Feb  6 2024, 22:03:32) [MSC v.1937 64 bit (AMD64)]
[2025-11-30 19:35:10] Current Working Dir Before: C:\Users\Mon\Desktop\Mon\Main
[2025-11-30 19:35:10] Main Root: C:\Users\Mon\Desktop\Mon\Main
[2025-11-30 19:35:10] Working Directory already correct: C:\Users\Mon\Desktop\Mon\Main
[2025-11-30 19:35:10] Apps folder exists: True
[2025-11-30 19:35:10] Apps folder contents: ['AHK_Tool', 'Android_Tool', 'AutoKey']
[2025-11-30 19:35:16] ==================================================
[2025-11-30 19:35:16] Main.pyw launched
[2025-11-30 19:35:16] Python: C:\Users\Mon\AppData\Local\Programs\Python\Python311\python.exe
[2025-11-30 19:35:16] Version: 3.11.8 (tags/v3.11.8:db85d51, Feb  6 2024, 22:03:32) [MSC v.1937 64 bit (AMD64)]
[2025-11-30 19:35:16] Current Working Dir Before: C:\Users\Mon\Desktop\Mon\Main
[2025-11-30 19:35:16] Main Root: C:\Users\Mon\Desktop\Mon\Main
[2025-11-30 19:35:16] Working Directory already correct: C:\Users\Mon\Desktop\Mon\Main
[2025-11-30 19:35:16] Apps folder exists: True
[2025-11-30 19:35:16] Apps folder contents: ['AHK_Tool', 'Android_Tool', 'AutoKey']
[2025-11-30 19:35:21] ==================================================
[2025-11-30 19:35:21] Main.pyw launched
[2025-11-30 19:35:21] Python: C:\Users\Mon\AppData\Local\Programs\Python\Python311\python.exe
[2025-11-30 19:35:21] Version: 3.11.8 (tags/v3.11.8:db85d51, Feb  6 2024, 22:03:32) [MSC v.1937 64 bit (AMD64)]
[2025-11-30 19:35:21] Current Working Dir Before: C:\Users\Mon\Desktop\Mon\Main
[2025-11-30 19:35:21] Main Root: C:\Users\Mon\Desktop\Mon\Main
[2025-11-30 19:35:21] Working Directory already correct: C:\Users\Mon\Desktop\Mon\Main
[2025-11-30 19:35:21] Apps folder exists: True
[2025-11-30 19:35:21] Apps folder contents: ['AHK_Tool', 'Android_Tool', 'AutoKey']
[2025-11-30 19:35:28] ==================================================
[2025-11-30 19:35:28] Main.pyw launched
[2025-11-30 19:35:28] Python: C:\Users\Mon\AppData\Local\Programs\Python\Python311\python.exe
[2025-11-30 19:35:28] Version: 3.11.8 (tags/v3.11.8:db85d51, Feb  6 2024, 22:03:32) [MSC v.1937 64 bit (AMD64)]
[2025-11-30 19:35:28] Current Working Dir Before: C:\Users\Mon\Desktop\Mon
[2025-11-30 19:35:28] Main Root: c:\Users\Mon\Desktop\Mon\Main
[2025-11-30 19:35:28] Working Directory changed to: c:\Users\Mon\Desktop\Mon\Main
[2025-11-30 19:35:28] Apps folder exists: True
[2025-11-30 19:35:28] Apps folder contents: ['AHK_Tool', 'Android_Tool', 'AutoKey']
[2025-11-30 19:35:49] ==================================================
[2025-11-30 19:35:49] Main.pyw launched
[2025-11-30 19:35:49] Python: C:\Users\Mon\AppData\Local\Programs\Python\Python311\python.exe
[2025-11-30 19:35:49] Version: 3.11.8 (tags/v3.11.8:db85d51, Feb  6 2024, 22:03:32) [MSC v.1937 64 bit (AMD64)]
[2025-11-30 19:35:49] Current Working Dir Before: C:\Users\Mon\Desktop\Mon
[2025-11-30 19:35:49] Main Root: c:\Users\Mon\Desktop\Mon\Main
[2025-11-30 19:35:49] Working Directory changed to: c:\Users\Mon\Desktop\Mon\Main
[2025-11-30 19:35:49] Apps folder exists: True
[2025-11-30 19:35:49] Apps folder contents: ['AHK_Tool', 'Android_Tool', 'AutoKey']
[2025-11-30 19:50:05] ==================================================
[2025-11-30 19:50:05] Main.pyw launched
[2025-11-30 19:50:05] Python: C:\Users\Mon\AppData\Local\Programs\Python\Python311\python.exe
[2025-11-30 19:50:05] Version: 3.11.8 (tags/v3.11.8:db85d51, Feb  6 2024, 22:03:32) [MSC v.1937 64 bit (AMD64)]
[2025-11-30 19:50:05] Current Working Dir Before: C:\Users\Mon\Desktop\Mon
[2025-11-30 19:50:05] Main Root: c:\Users\Mon\Desktop\Mon\Main
[2025-11-30 19:50:05] Working Directory changed to: c:\Users\Mon\Desktop\Mon\Main
[2025-11-30 19:50:05] Apps folder exists: True
[2025-11-30 19:50:05] Apps folder contents: ['AHK_Tool', 'Android_Tool', 'AutoKey']
[2025-11-30 19:52:14] ==================================================
[2025-11-30 19:52:14] Main.pyw launched
[2025-11-30 19:52:14] Python: C:\Users\Mon\AppData\Local\Programs\Python\Python311\python.exe
[2025-11-30 19:52:14] Version: 3.11.8 (tags/v3.11.8:db85d51, Feb  6 2024, 22:03:32) [MSC v.1937 64 bit (AMD64)]
[2025-11-30 19:52:14] Current Working Dir Before: C:\Users\Mon\Desktop\Mon
[2025-11-30 19:52:14] Main Root: c:\Users\Mon\Desktop\Mon\Main
[2025-11-30 19:52:14] Working Directory changed to: c:\Users\Mon\Desktop\Mon\Main
[2025-11-30 19:52:14] Apps folder exists: True
[2025-11-30 19:52:14] Apps folder contents: ['AHK_Tool', 'Android_Tool', 'AutoKey']
[2025-11-30 19:56:24] ==================================================
[2025-11-30 19:56:24] Main.pyw launched
[2025-11-30 19:56:24] Python: C:\Users\Mon\AppData\Local\Programs\Python\Python311\python.exe
[2025-11-30 19:56:24] Version: 3.11.8 (tags/v3.11.8:db85d51, Feb  6 2024, 22:03:32) [MSC v.1937 64 bit (AMD64)]
[2025-11-30 19:56:24] Current Working Dir Before: C:\Users\Mon\Desktop\Mon
[2025-11-30 19:56:24] Main Root: c:\Users\Mon\Desktop\Mon\Main
[2025-11-30 19:56:24] Working Directory changed to: c:\Users\Mon\Desktop\Mon\Main
[2025-11-30 19:56:24] Apps folder exists: True
[2025-11-30 19:56:24] Apps folder contents: ['AHK_Tool', 'Android_Tool', 'AutoKey']
[2025-11-30 20:02:32] ==================================================
[2025-11-30 20:02:32] Main.pyw launched
[2025-11-30 20:02:32] Python: C:\Users\Mon\AppData\Local\Programs\Python\Python311\python.exe
[2025-11-30 20:02:32] Version: 3.11.8 (tags/v3.11.8:db85d51, Feb  6 2024, 22:03:32) [MSC v.1937 64 bit (AMD64)]
[2025-11-30 20:02:32] Current Working Dir Before: C:\Users\Mon\Desktop\Mon
[2025-11-30 20:02:32] Main Root: c:\Users\Mon\Desktop\Mon\Main
[2025-11-30 20:02:32] Working Directory changed to: c:\Users\Mon\Desktop\Mon\Main
[2025-11-30 20:02:32] Apps folder exists: True
[2025-11-30 20:02:32] Apps folder contents: ['AHK_Tool', 'Android_Tool', 'AutoKey']
[2025-11-30 20:08:07] ==================================================
[2025-11-30 20:08:07] Main.pyw launched
[2025-11-30 20:08:07] Python: C:\Users\Mon\AppData\Local\Programs\Python\Python311\python.exe
[2025-11-30 20:08:07] Version: 3.11.8 (tags/v3.11.8:db85d51, Feb  6 2024, 22:03:32) [MSC v.1937 64 bit (AMD64)]
[2025-11-30 20:08:07] Current Working Dir Before: C:\Users\Mon\Desktop\Mon
[2025-11-30 20:08:07] Main Root: c:\Users\Mon\Desktop\Mon\Main
[2025-11-30 20:08:07] Working Directory changed to: c:\Users\Mon\Desktop\Mon\Main
[2025-11-30 20:08:07] Apps folder exists: True
[2025-11-30 20:08:07] Apps folder contents: ['AHK_Tool', 'Android_Tool', 'AutoKey']
[2025-11-30 20:17:48] ==================================================
[2025-11-30 20:17:48] Main.pyw launched
[2025-11-30 20:17:48] Python: C:\Users\Mon\AppData\Local\Programs\Python\Python311\python.exe
[2025-11-30 20:17:48] Version: 3.11.8 (tags/v3.11.8:db85d51, Feb  6 2024, 22:03:32) [MSC v.1937 64 bit (AMD64)]
[2025-11-30 20:17:48] Current Working Dir Before: C:\Users\Mon\Desktop\Mon
[2025-11-30 20:17:48] Main Root: c:\Users\Mon\Desktop\Mon\Main
[2025-11-30 20:17:48] Working Directory changed to: c:\Users\Mon\Desktop\Mon\Main
[2025-11-30 20:17:48] Apps folder exists: True
[2025-11-30 20:17:48] Apps folder contents: ['AHK_Tool', 'Android_Tool', 'AutoKey']
[2025-11-30 20:20:33] ==================================================
[2025-11-30 20:20:33] Main.pyw launched
[2025-11-30 20:20:33] Python: C:\Users\Mon\AppData\Local\Programs\Python\Python311\python.exe
[2025-11-30 20:20:33] Version: 3.11.8 (tags/v3.11.8:db85d51, Feb  6 2024, 22:03:32) [MSC v.1937 64 bit (AMD64)]
[2025-11-30 20:20:33] Current Working Dir Before: C:\Users\Mon\Desktop\Mon
[2025-11-30 20:20:33] Main Root: c:\Users\Mon\Desktop\Mon\Main
[2025-11-30 20:20:33] Working Directory changed to: c:\Users\Mon\Desktop\Mon\Main
[2025-11-30 20:20:33] Apps folder exists: True
[2025-11-30 20:20:33] Apps folder contents: ['AHK_Tool', 'Android_Tool', 'AutoKey']
[2025-11-30 20:23:28] ==================================================
[2025-11-30 20:23:28] Main.pyw launched
[2025-11-30 20:23:28] Python: C:\Users\Mon\AppData\Local\Programs\Python\Python311\python.exe
[2025-11-30 20:23:28] Version: 3.11.8 (tags/v3.11.8:db85d51, Feb  6 2024, 22:03:32) [MSC v.1937 64 bit (AMD64)]
[2025-11-30 20:23:28] Current Working Dir Before: C:\Users\Mon\Desktop\Mon
[2025-11-30 20:23:28] Main Root: c:\Users\Mon\Desktop\Mon\Main
[2025-11-30 20:23:28] Working Directory changed to: c:\Users\Mon\Desktop\Mon\Main
[2025-11-30 20:23:28] Apps folder exists: True
[2025-11-30 20:23:28] Apps folder contents: ['AHK_Tool', 'Android_Tool', 'AutoKey']
[2025-11-30 20:25:38] ==================================================
[2025-11-30 20:25:38] Main.pyw launched
[2025-11-30 20:25:38] Python: C:\Users\Mon\AppData\Local\Programs\Python\Python311\python.exe
[2025-11-30 20:25:38] Version: 3.11.8 (tags/v3.11.8:db85d51, Feb  6 2024, 22:03:32) [MSC v.1937 64 bit (AMD64)]
[2025-11-30 20:25:38] Current Working Dir Before: C:\Users\Mon\Desktop\Mon
[2025-11-30 20:25:38] Main Root: c:\Users\Mon\Desktop\Mon\Main
[2025-11-30 20:25:38] Working Directory changed to: c:\Users\Mon\Desktop\Mon\Main
[2025-11-30 20:25:38] Apps folder exists: True
[2025-11-30 20:25:38] Apps folder contents: ['AHK_Tool', 'Android_Tool', 'AutoKey']
[2025-11-30 20:27:20] ==================================================
[2025-11-30 20:27:20] Main.pyw launched
[2025-11-30 20:27:20] Python: C:\Users\Mon\AppData\Local\Programs\Python\Python311\python.exe
[2025-11-30 20:27:20] Version: 3.11.8 (tags/v3.11.8:db85d51, Feb  6 2024, 22:03:32) [MSC v.1937 64 bit (AMD64)]
[2025-11-30 20:27:20] Current Working Dir Before: C:\Users\Mon\Desktop\Mon
[2025-11-30 20:27:20] Main Root: c:\Users\Mon\Desktop\Mon\Main
[2025-11-30 20:27:20] Working Directory changed to: c:\Users\Mon\Desktop\Mon\Main
[2025-11-30 20:27:20] Apps folder exists: True
[2025-11-30 20:27:20] Apps folder contents: ['AHK_Tool', 'Android_Tool', 'AutoKey']
[2025-11-30 20:33:11] ==================================================
[2025-11-30 20:33:11] Main.pyw launched
[2025-11-30 20:33:11] Python: C:\Users\Mon\AppData\Local\Programs\Python\Python311\python.exe
[2025-11-30 20:33:11] Version: 3.11.8 (tags/v3.11.8:db85d51, Feb  6 2024, 22:03:32) [MSC v.1937 64 bit (AMD64)]
[2025-11-30 20:33:11] Current Working Dir Before: C:\Users\Mon\Desktop\Mon
[2025-11-30 20:33:11] Main Root: c:\Users\Mon\Desktop\Mon\Main
[2025-11-30 20:33:11] Working Directory changed to: c:\Users\Mon\Desktop\Mon\Main
[2025-11-30 20:33:11] Apps folder exists: True
[2025-11-30 20:33:11] Apps folder contents: ['AHK_Tool', 'Android_Tool', 'AutoKey']
[2025-11-30 20:35:01] ==================================================
[2025-11-30 20:35:01] Main.pyw launched
[2025-11-30 20:35:01] Python: C:\Users\Mon\AppData\Local\Programs\Python\Python311\python.exe
[2025-11-30 20:35:01] Version: 3.11.8 (tags/v3.11.8:db85d51, Feb  6 2024, 22:03:32) [MSC v.1937 64 bit (AMD64)]
[2025-11-30 20:35:01] Current Working Dir Before: C:\Users\Mon\Desktop\Mon
[2025-11-30 20:35:01] Main Root: c:\Users\Mon\Desktop\Mon\Main
[2025-11-30 20:35:01] Working Directory changed to: c:\Users\Mon\Desktop\Mon\Main
[2025-11-30 20:35:01] Apps folder exists: True
[2025-11-30 20:35:01] Apps folder contents: ['AHK_Tool', 'Android_Tool', 'AutoKey']
[2025-11-30 20:36:02] ==================================================
[2025-11-30 20:36:02] Main.pyw launched
[2025-11-30 20:36:02] Python: C:\Users\Mon\AppData\Local\Programs\Python\Python311\python.exe
[2025-11-30 20:36:02] Version: 3.11.8 (tags/v3.11.8:db85d51, Feb  6 2024, 22:03:32) [MSC v.1937 64 bit (AMD64)]
[2025-11-30 20:36:02] Current Working Dir Before: C:\Users\Mon\Desktop\Mon
[2025-11-30 20:36:02] Main Root: c:\Users\Mon\Desktop\Mon\Main
[2025-11-30 20:36:02] Working Directory changed to: c:\Users\Mon\Desktop\Mon\Main
[2025-11-30 20:36:02] Apps folder exists: True
[2025-11-30 20:36:02] Apps folder contents: ['AHK_Tool', 'Android_Tool', 'AutoKey']
[2025-11-30 20:38:15] ==================================================
[2025-11-30 20:38:15] Main.pyw launched
[2025-11-30 20:38:15] Python: C:\Users\Mon\AppData\Local\Programs\Python\Python311\python.exe
[2025-11-30 20:38:15] Version: 3.11.8 (tags/v3.11.8:db85d51, Feb  6 2024, 22:03:32) [MSC v.1937 64 bit (AMD64)]
[2025-11-30 20:38:15] Current Working Dir Before: C:\Users\Mon\Desktop\Mon
[2025-11-30 20:38:15] Main Root: c:\Users\Mon\Desktop\Mon\Main
[2025-11-30 20:38:15] Working Directory changed to: c:\Users\Mon\Desktop\Mon\Main
[2025-11-30 20:38:15] Apps folder exists: True
[2025-11-30 20:38:15] Apps folder contents: ['AHK_Tool', 'Android_Tool', 'AutoKey']
[2025-11-30 20:38:41] ==================================================
[2025-11-30 20:38:41] Main.pyw launched
[2025-11-30 20:38:41] Python: C:\Users\Mon\AppData\Local\Programs\Python\Python311\python.exe
[2025-11-30 20:38:41] Version: 3.11.8 (tags/v3.11.8:db85d51, Feb  6 2024, 22:03:32) [MSC v.1937 64 bit (AMD64)]
[2025-11-30 20:38:41] Current Working Dir Before: C:\Users\Mon\Desktop\Mon
[2025-11-30 20:38:41] Main Root: c:\Users\Mon\Desktop\Mon\Main
[2025-11-30 20:38:41] Working Directory changed to: c:\Users\Mon\Desktop\Mon\Main
[2025-11-30 20:38:41] Apps folder exists: True
[2025-11-30 20:38:41] Apps folder contents: ['AHK_Tool', 'Android_Tool', 'AutoKey']
[2025-11-30 20:45:17] ==================================================
[2025-11-30 20:45:17] Main.pyw launched
[2025-11-30 20:45:17] Python: C:\Users\Mon\AppData\Local\Programs\Python\Python311\python.exe
[2025-11-30 20:45:17] Version: 3.11.8 (tags/v3.11.8:db85d51, Feb  6 2024, 22:03:32) [MSC v.1937 64 bit (AMD64)]
[2025-11-30 20:45:17] Current Working Dir Before: C:\Users\Mon\Desktop\Mon
[2025-11-30 20:45:17] Main Root: c:\Users\Mon\Desktop\Mon\Main
[2025-11-30 20:45:17] Working Directory changed to: c:\Users\Mon\Desktop\Mon\Main
[2025-11-30 20:45:17] Apps folder exists: True
[2025-11-30 20:45:17] Apps folder contents: ['AHK_Tool', 'Android_Tool', 'AutoKey']
[2025-11-30 20:47:12] ==================================================
[2025-11-30 20:47:12] Main.pyw launched
[2025-11-30 20:47:12] Python: C:\Users\Mon\AppData\Local\Programs\Python\Python311\python.exe
[2025-11-30 20:47:12] Version: 3.11.8 (tags/v3.11.8:db85d51, Feb  6 2024, 22:03:32) [MSC v.1937 64 bit (AMD64)]
[2025-11-30 20:47:12] Current Working Dir Before: C:\Users\Mon\Desktop\Mon
[2025-11-30 20:47:12] Main Root: c:\Users\Mon\Desktop\Mon\Main
[2025-11-30 20:47:12] Working Directory changed to: c:\Users\Mon\Desktop\Mon\Main
[2025-11-30 20:47:12] Apps folder exists: True
[2025-11-30 20:47:12] Apps folder contents: ['AHK_Tool', 'Android_Tool', 'AutoKey']
[2025-11-30 20:48:33] ==================================================
[2025-11-30 20:48:33] Main.pyw launched
[2025-11-30 20:48:33] Python: C:\Users\Mon\AppData\Local\Programs\Python\Python311\python.exe
[2025-11-30 20:48:33] Version: 3.11.8 (tags/v3.11.8:db85d51, Feb  6 2024, 22:03:32) [MSC v.1937 64 bit (AMD64)]
[2025-11-30 20:48:33] Current Working Dir Before: C:\Users\Mon\Desktop\Mon
[2025-11-30 20:48:33] Main Root: c:\Users\Mon\Desktop\Mon\Main
[2025-11-30 20:48:33] Working Directory changed to: c:\Users\Mon\Desktop\Mon\Main
[2025-11-30 20:48:33] Apps folder exists: True
[2025-11-30 20:48:33] Apps folder contents: ['AHK_Tool', 'Android_Tool', 'AutoKey']
[2025-11-30 20:58:42] ==================================================
[2025-11-30 20:58:42] Main.pyw launched
[2025-11-30 20:58:42] Python: C:\Users\Mon\AppData\Local\Programs\Python\Python311\python.exe
[2025-11-30 20:58:42] Version: 3.11.8 (tags/v3.11.8:db85d51, Feb  6 2024, 22:03:32) [MSC v.1937 64 bit (AMD64)]
[2025-11-30 20:58:42] Current Working Dir Before: C:\Users\Mon\Desktop\Mon
[2025-11-30 20:58:42] Main Root: c:\Users\Mon\Desktop\Mon\Main
[2025-11-30 20:58:42] Working Directory changed to: c:\Users\Mon\Desktop\Mon\Main
[2025-11-30 20:58:42] Apps folder exists: True
[2025-11-30 20:58:42] Apps folder contents: ['AHK_Tool', 'Android_Tool', 'AutoKey']
[2025-11-30 21:05:08] ==================================================
[2025-11-30 21:05:08] Main.pyw launched
[2025-11-30 21:05:08] Python: C:\Users\Mon\AppData\Local\Programs\Python\Python311\python.exe
[2025-11-30 21:05:08] Version: 3.11.8 (tags/v3.11.8:db85d51, Feb  6 2024, 22:03:32) [MSC v.1937 64 bit (AMD64)]
[2025-11-30 21:05:08] Current Working Dir Before: C:\Users\Mon\Desktop\Mon
[2025-11-30 21:05:08] Main Root: c:\Users\Mon\Desktop\Mon\Main
[2025-11-30 21:05:08] Working Directory changed to: c:\Users\Mon\Desktop\Mon\Main
[2025-11-30 21:05:08] Apps folder exists: True
[2025-11-30 21:05:08] Apps folder contents: ['AHK_Tool', 'Android_Tool', 'AutoKey']
[2025-11-30 21:25:31] ==================================================
[2025-11-30 21:25:31] Main.pyw launched
[2025-11-30 21:25:31] Python: C:\Users\Mon\AppData\Local\Programs\Python\Python311\python.exe
[2025-11-30 21:25:31] Version: 3.11.8 (tags/v3.11.8:db85d51, Feb  6 2024, 22:03:32) [MSC v.1937 64 bit (AMD64)]
[2025-11-30 21:25:31] Current Working Dir Before: C:\Users\Mon\Desktop\Mon
[2025-11-30 21:25:31] Main Root: c:\Users\Mon\Desktop\Mon\Main
[2025-11-30 21:25:31] Working Directory changed to: c:\Users\Mon\Desktop\Mon\Main
[2025-11-30 21:25:31] Apps folder exists: True
[2025-11-30 21:25:31] Apps folder contents: ['AHK_Tool', 'Android_Tool', 'AutoKey']
[2025-11-30 21:32:44] ==================================================
[2025-11-30 21:32:44] Main.pyw launched
[2025-11-30 21:32:44] Python: C:\Users\Mon\AppData\Local\Programs\Python\Python311\python.exe
[2025-11-30 21:32:44] Version: 3.11.8 (tags/v3.11.8:db85d51, Feb  6 2024, 22:03:32) [MSC v.1937 64 bit (AMD64)]
[2025-11-30 21:32:44] Current Working Dir Before: C:\Users\Mon\Desktop\Mon
[2025-11-30 21:32:44] Main Root: c:\Users\Mon\Desktop\Mon\Main
[2025-11-30 21:32:44] Working Directory changed to: c:\Users\Mon\Desktop\Mon\Main
[2025-11-30 21:32:44] Apps folder exists: True
[2025-11-30 21:32:44] Apps folder contents: ['AHK_Tool', 'Android_Tool', 'AutoKey']
[2025-11-30 21:36:17] ==================================================
[2025-11-30 21:36:17] Main.pyw launched
[2025-11-30 21:36:17] Python: C:\Users\Mon\AppData\Local\Programs\Python\Python311\python.exe
[2025-11-30 21:36:17] Version: 3.11.8 (tags/v3.11.8:db85d51, Feb  6 2024, 22:03:32) [MSC v.1937 64 bit (AMD64)]
[2025-11-30 21:36:17] Current Working Dir Before: C:\Users\Mon\Desktop\Mon
[2025-11-30 21:36:17] Main Root: c:\Users\Mon\Desktop\Mon\Main
[2025-11-30 21:36:17] Working Directory changed to: c:\Users\Mon\Desktop\Mon\Main
[2025-11-30 21:36:17] Apps folder exists: True
[2025-11-30 21:36:17] Apps folder contents: ['AHK_Tool', 'Android_Tool', 'AutoKey']
[2025-11-30 21:42:23] ==================================================
[2025-11-30 21:42:23] Main.pyw launched
[2025-11-30 21:42:23] Python: C:\Users\Mon\AppData\Local\Programs\Python\Python311\python.exe
[2025-11-30 21:42:23] Version: 3.11.8 (tags/v3.11.8:db85d51, Feb  6 2024, 22:03:32) [MSC v.1937 64 bit (AMD64)]
[2025-11-30 21:42:23] Current Working Dir Before: C:\Users\Mon\Desktop\Mon
[2025-11-30 21:42:23] Main Root: c:\Users\Mon\Desktop\Mon\Main
[2025-11-30 21:42:23] Working Directory changed to: c:\Users\Mon\Desktop\Mon\Main
[2025-11-30 21:42:23] Apps folder exists: True
[2025-11-30 21:42:23] Apps folder contents: ['AHK_Tool', 'Android_Tool', 'AutoKey']
[2025-11-30 21:58:55] ==================================================
[2025-11-30 21:58:55] Main.pyw launched
[2025-11-30 21:58:55] Python: C:\Users\Mon\AppData\Local\Programs\Python\Python311\python.exe
[2025-11-30 21:58:55] Version: 3.11.8 (tags/v3.11.8:db85d51, Feb  6 2024, 22:03:32) [MSC v.1937 64 bit (AMD64)]
[2025-11-30 21:58:55] Current Working Dir Before: C:\Users\Mon\Desktop\Mon
[2025-11-30 21:58:55] Main Root: c:\Users\Mon\Desktop\Mon\Main
[2025-11-30 21:58:55] Working Directory changed to: c:\Users\Mon\Desktop\Mon\Main
[2025-11-30 21:58:55] Apps folder exists: True
[2025-11-30 21:58:55] Apps folder contents: ['AHK_Tool', 'Android_Tool', 'AutoKey']
[2025-11-30 22:08:28] ==================================================
[2025-11-30 22:08:28] Main.pyw launched
[2025-11-30 22:08:28] Python: C:\Users\Mon\AppData\Local\Programs\Python\Python311\python.exe
[2025-11-30 22:08:28] Version: 3.11.8 (tags/v3.11.8:db85d51, Feb  6 2024, 22:03:32) [MSC v.1937 64 bit (AMD64)]
[2025-11-30 22:08:28] Current Working Dir Before: C:\Users\Mon\Desktop\Mon
[2025-11-30 22:08:28] Main Root: c:\Users\Mon\Desktop\Mon\Main
[2025-11-30 22:08:28] Working Directory changed to: c:\Users\Mon\Desktop\Mon\Main
[2025-11-30 22:08:28] Apps folder exists: True
[2025-11-30 22:08:28] Apps folder contents: ['AHK_Tool', 'Android_Tool', 'AutoKey']
[2025-11-30 22:12:42] ==================================================
[2025-11-30 22:12:42] Main.pyw launched
[2025-11-30 22:12:42] Python: C:\Users\Mon\AppData\Local\Programs\Python\Python311\python.exe
[2025-11-30 22:12:42] Version: 3.11.8 (tags/v3.11.8:db85d51, Feb  6 2024, 22:03:32) [MSC v.1937 64 bit (AMD64)]
[2025-11-30 22:12:42] Current Working Dir Before: C:\Users\Mon\Desktop\Mon
[2025-11-30 22:12:42] Main Root: c:\Users\Mon\Desktop\Mon\Main
[2025-11-30 22:12:42] Working Directory changed to: c:\Users\Mon\Desktop\Mon\Main
[2025-11-30 22:12:42] Apps folder exists: True
[2025-11-30 22:12:42] Apps folder contents: ['AHK_Tool', 'Android_Tool', 'AutoKey']
[2025-11-30 22:21:30] ==================================================
[2025-11-30 22:21:30] Main.pyw launched
[2025-11-30 22:21:30] Python: C:\Users\Mon\AppData\Local\Programs\Python\Python311\python.exe
[2025-11-30 22:21:30] Version: 3.11.8 (tags/v3.11.8:db85d51, Feb  6 2024, 22:03:32) [MSC v.1937 64 bit (AMD64)]
[2025-11-30 22:21:30] Current Working Dir Before: C:\Users\Mon\Desktop\Mon
[2025-11-30 22:21:30] Main Root: c:\Users\Mon\Desktop\Mon\Main
[2025-11-30 22:21:30] Working Directory changed to: c:\Users\Mon\Desktop\Mon\Main
[2025-11-30 22:21:30] Apps folder exists: True
[2025-11-30 22:21:30] Apps folder contents: ['AHK_Tool', 'Android_Tool', 'AutoKey']
[2025-11-30 22:30:02] ==================================================
[2025-11-30 22:30:02] Main.pyw launched
[2025-11-30 22:30:02] Python: C:\Users\Mon\AppData\Local\Programs\Python\Python311\python.exe
[2025-11-30 22:30:02] Version: 3.11.8 (tags/v3.11.8:db85d51, Feb  6 2024, 22:03:32) [MSC v.1937 64 bit (AMD64)]
[2025-11-30 22:30:02] Current Working Dir Before: C:\Users\Mon\Desktop\Mon
[2025-11-30 22:30:02] Main Root: c:\Users\Mon\Desktop\Mon\Main
[2025-11-30 22:30:02] Working Directory changed to: c:\Users\Mon\Desktop\Mon\Main
[2025-11-30 22:30:02] Apps folder exists: True
[2025-11-30 22:30:02] Apps folder contents: ['AHK_Tool', 'Android_Tool', 'AutoKey']
[2025-11-30 22:30:30] ==================================================
[2025-11-30 22:30:30] Main.pyw launched
[2025-11-30 22:30:30] Python: C:\Users\Mon\AppData\Local\Programs\Python\Python311\python.exe
[2025-11-30 22:30:30] Version: 3.11.8 (tags/v3.11.8:db85d51, Feb  6 2024, 22:03:32) [MSC v.1937 64 bit (AMD64)]
[2025-11-30 22:30:30] Current Working Dir Before: C:\Users\Mon\Desktop\Mon
[2025-11-30 22:30:30] Main Root: c:\Users\Mon\Desktop\Mon\Main
[2025-11-30 22:30:30] Working Directory changed to: c:\Users\Mon\Desktop\Mon\Main
[2025-11-30 22:30:30] Apps folder exists: True
[2025-11-30 22:30:30] Apps folder contents: ['AHK_Tool', 'Android_Tool', 'AutoKey']
[2025-11-30 22:49:16] ==================================================
[2025-11-30 22:49:16] Main.pyw launched
[2025-11-30 22:49:16] Python: C:\Users\Mon\AppData\Local\Programs\Python\Python311\python.exe
[2025-11-30 22:49:16] Version: 3.11.8 (tags/v3.11.8:db85d51, Feb  6 2024, 22:03:32) [MSC v.1937 64 bit (AMD64)]
[2025-11-30 22:49:16] Current Working Dir Before: C:\Users\Mon\Desktop\Mon
[2025-11-30 22:49:16] Main Root: c:\Users\Mon\Desktop\Mon\Main
[2025-11-30 22:49:16] Working Directory changed to: c:\Users\Mon\Desktop\Mon\Main
[2025-11-30 22:49:16] Apps folder exists: True
[2025-11-30 22:49:16] Apps folder contents: ['AHK_Tool', 'Android_Tool', 'AutoKey']
[2025-11-30 23:11:00] ==================================================
[2025-11-30 23:11:00] Main.pyw launched
[2025-11-30 23:11:00] Python: C:\Users\Mon\AppData\Local\Programs\Python\Python311\python.exe
[2025-11-30 23:11:00] Version: 3.11.8 (tags/v3.11.8:db85d51, Feb  6 2024, 22:03:32) [MSC v.1937 64 bit (AMD64)]
[2025-11-30 23:11:00] Current Working Dir Before: C:\Users\Mon\Desktop\Mon
[2025-11-30 23:11:00] Main Root: c:\Users\Mon\Desktop\Mon\Main
[2025-11-30 23:11:00] Working Directory changed to: c:\Users\Mon\Desktop\Mon\Main
[2025-11-30 23:11:00] Apps folder exists: True
[2025-11-30 23:11:00] Apps folder contents: ['AHK_Tool', 'Android_Tool', 'AutoKey', 'Notes']
[2025-11-30 23:15:56] ==================================================
[2025-11-30 23:15:56] Main.pyw launched
[2025-11-30 23:15:56] Python: C:\Users\Mon\AppData\Local\Programs\Python\Python311\python.exe
[2025-11-30 23:15:56] Version: 3.11.8 (tags/v3.11.8:db85d51, Feb  6 2024, 22:03:32) [MSC v.1937 64 bit (AMD64)]
[2025-11-30 23:15:56] Current Working Dir Before: C:\Users\Mon\Desktop\Mon
[2025-11-30 23:15:56] Main Root: c:\Users\Mon\Desktop\Mon\Main
[2025-11-30 23:15:56] Working Directory changed to: c:\Users\Mon\Desktop\Mon\Main
[2025-11-30 23:15:56] Apps folder exists: True
[2025-11-30 23:15:56] Apps folder contents: ['AHK_Tool', 'Android_Tool', 'AutoKey', 'Notes']
[2025-11-30 23:17:40] ==================================================
[2025-11-30 23:17:40] Main.pyw launched
[2025-11-30 23:17:40] Python: C:\Users\Mon\AppData\Local\Programs\Python\Python311\python.exe
[2025-11-30 23:17:40] Version: 3.11.8 (tags/v3.11.8:db85d51, Feb  6 2024, 22:03:32) [MSC v.1937 64 bit (AMD64)]
[2025-11-30 23:17:40] Current Working Dir Before: C:\Users\Mon\Desktop\Mon\Main
[2025-11-30 23:17:40] Main Root: C:\Users\Mon\Desktop\Mon\Main
[2025-11-30 23:17:40] Working Directory already correct: C:\Users\Mon\Desktop\Mon\Main
[2025-11-30 23:17:40] Apps folder exists: True
[2025-11-30 23:17:40] Apps folder contents: ['AHK_Tool', 'Android_Tool', 'AutoKey', 'Notes']
[2025-11-30 23:17:48] ==================================================
[2025-11-30 23:17:48] Main.pyw launched
[2025-11-30 23:17:48] Python: C:\Users\Mon\AppData\Local\Programs\Python\Python311\python.exe
[2025-11-30 23:17:48] Version: 3.11.8 (tags/v3.11.8:db85d51, Feb  6 2024, 22:03:32) [MSC v.1937 64 bit (AMD64)]
[2025-11-30 23:17:48] Current Working Dir Before: C:\Users\Mon\Desktop\Mon\Main
[2025-11-30 23:17:48] Main Root: C:\Users\Mon\Desktop\Mon\Main
[2025-11-30 23:17:48] Working Directory already correct: C:\Users\Mon\Desktop\Mon\Main
[2025-11-30 23:17:48] Apps folder exists: True
[2025-11-30 23:17:48] Apps folder contents: ['AHK_Tool', 'Android_Tool', 'AutoKey', 'Notes']
[2025-11-30 23:19:25] ==================================================
[2025-11-30 23:19:25] Main.pyw launched
[2025-11-30 23:19:25] Python: C:\Users\Mon\AppData\Local\Programs\Python\Python311\python.exe
[2025-11-30 23:19:25] Version: 3.11.8 (tags/v3.11.8:db85d51, Feb  6 2024, 22:03:32) [MSC v.1937 64 bit (AMD64)]
[2025-11-30 23:19:25] Current Working Dir Before: C:\Users\Mon\Desktop\Mon\Main
[2025-11-30 23:19:25] Main Root: C:\Users\Mon\Desktop\Mon\Main
[2025-11-30 23:19:25] Working Directory already correct: C:\Users\Mon\Desktop\Mon\Main
[2025-11-30 23:19:25] Apps folder exists: True
[2025-11-30 23:19:25] Apps folder contents: ['AHK_Tool', 'Android_Tool', 'AutoKey', 'Notes']
[2025-11-30 23:20:05] ==================================================
[2025-11-30 23:20:05] Main.pyw launched
[2025-11-30 23:20:05] Python: C:\Users\Mon\AppData\Local\Programs\Python\Python311\python.exe
[2025-11-30 23:20:05] Version: 3.11.8 (tags/v3.11.8:db85d51, Feb  6 2024, 22:03:32) [MSC v.1937 64 bit (AMD64)]
[2025-11-30 23:20:05] Current Working Dir Before: C:\Users\Mon\Desktop\Mon\Main
[2025-11-30 23:20:05] Main Root: C:\Users\Mon\Desktop\Mon\Main
[2025-11-30 23:20:05] Working Directory already correct: C:\Users\Mon\Desktop\Mon\Main
[2025-11-30 23:20:05] Apps folder exists: True
[2025-11-30 23:20:05] Apps folder contents: ['AHK_Tool', 'Android_Tool', 'AutoKey', 'Notes']
[2025-11-30 23:20:43] ==================================================
[2025-11-30 23:20:43] Main.pyw launched
[2025-11-30 23:20:43] Python: C:\Users\Mon\AppData\Local\Programs\Python\Python311\python.exe
[2025-11-30 23:20:43] Version: 3.11.8 (tags/v3.11.8:db85d51, Feb  6 2024, 22:03:32) [MSC v.1937 64 bit (AMD64)]
[2025-11-30 23:20:43] Current Working Dir Before: C:\Users\Mon\Desktop\Mon\Main
[2025-11-30 23:20:43] Main Root: C:\Users\Mon\Desktop\Mon\Main
[2025-11-30 23:20:43] Working Directory already correct: C:\Users\Mon\Desktop\Mon\Main
[2025-11-30 23:20:43] Apps folder exists: True
[2025-11-30 23:20:43] Apps folder contents: ['AHK_Tool', 'Android_Tool', 'AutoKey', 'Notes']
[2025-11-30 23:24:48] ==================================================
[2025-11-30 23:24:48] Main.pyw launched
[2025-11-30 23:24:48] Python: C:\Users\Mon\AppData\Local\Programs\Python\Python311\python.exe
[2025-11-30 23:24:48] Version: 3.11.8 (tags/v3.11.8:db85d51, Feb  6 2024, 22:03:32) [MSC v.1937 64 bit (AMD64)]
[2025-11-30 23:24:48] Current Working Dir Before: C:\Users\Mon\Desktop\Mon
[2025-11-30 23:24:48] Main Root: c:\Users\Mon\Desktop\Mon\Main
[2025-11-30 23:24:48] Working Directory changed to: c:\Users\Mon\Desktop\Mon\Main
[2025-11-30 23:24:48] Apps folder exists: True
[2025-11-30 23:24:48] Apps folder contents: ['AHK_Tool', 'Android_Tool', 'AutoKey', 'Notes']
[2025-11-30 23:25:13] ==================================================
[2025-11-30 23:25:13] Main.pyw launched
[2025-11-30 23:25:13] Python: C:\Users\Mon\AppData\Local\Programs\Python\Python311\python.exe
[2025-11-30 23:25:13] Version: 3.11.8 (tags/v3.11.8:db85d51, Feb  6 2024, 22:03:32) [MSC v.1937 64 bit (AMD64)]
[2025-11-30 23:25:13] Current Working Dir Before: C:\Users\Mon\Desktop\Mon
[2025-11-30 23:25:13] Main Root: c:\Users\Mon\Desktop\Mon\Main
[2025-11-30 23:25:13] Working Directory changed to: c:\Users\Mon\Desktop\Mon\Main
[2025-11-30 23:25:13] Apps folder exists: True
[2025-11-30 23:25:13] Apps folder contents: ['AHK_Tool', 'Android_Tool', 'AutoKey', 'Notes']
[2025-11-30 23:28:55] ==================================================
[2025-11-30 23:28:55] Main.pyw launched
[2025-11-30 23:28:55] Python: C:\Users\Mon\AppData\Local\Programs\Python\Python311\python.exe
[2025-11-30 23:28:55] Version: 3.11.8 (tags/v3.11.8:db85d51, Feb  6 2024, 22:03:32) [MSC v.1937 64 bit (AMD64)]
[2025-11-30 23:28:55] Current Working Dir Before: C:\Users\Mon\Desktop\Mon
[2025-11-30 23:28:55] Main Root: c:\Users\Mon\Desktop\Mon\Main
[2025-11-30 23:28:55] Working Directory changed to: c:\Users\Mon\Desktop\Mon\Main
[2025-11-30 23:28:55] Apps folder exists: True
[2025-11-30 23:28:55] Apps folder contents: ['AHK_Tool', 'Android_Tool', 'AutoKey', 'Notes']
[2025-11-30 23:34:29] ==================================================
[2025-11-30 23:34:29] Main.pyw launched
[2025-11-30 23:34:29] Python: C:\Users\Mon\AppData\Local\Programs\Python\Python311\python.exe
[2025-11-30 23:34:29] Version: 3.11.8 (tags/v3.11.8:db85d51, Feb  6 2024, 22:03:32) [MSC v.1937 64 bit (AMD64)]
[2025-11-30 23:34:29] Current Working Dir Before: C:\Users\Mon\Desktop\Mon
[2025-11-30 23:34:29] Main Root: c:\Users\Mon\Desktop\Mon\Main
[2025-11-30 23:34:29] Working Directory changed to: c:\Users\Mon\Desktop\Mon\Main
[2025-11-30 23:34:29] Apps folder exists: True
[2025-11-30 23:34:29] Apps folder contents: ['AHK_Tool', 'Android_Tool', 'AutoKey', 'Notes']
[2025-11-30 23:37:44] ==================================================
[2025-11-30 23:37:44] Main.pyw launched
[2025-11-30 23:37:44] Python: C:\Users\Mon\AppData\Local\Programs\Python\Python311\python.exe
[2025-11-30 23:37:44] Version: 3.11.8 (tags/v3.11.8:db85d51, Feb  6 2024, 22:03:32) [MSC v.1937 64 bit (AMD64)]
[2025-11-30 23:37:44] Current Working Dir Before: C:\Users\Mon\Desktop\Mon
[2025-11-30 23:37:44] Main Root: c:\Users\Mon\Desktop\Mon\Main
[2025-11-30 23:37:44] Working Directory changed to: c:\Users\Mon\Desktop\Mon\Main
[2025-11-30 23:37:44] Apps folder exists: True
[2025-11-30 23:37:44] Apps folder contents: ['AHK_Tool', 'Android_Tool', 'AutoKey', 'Notes']
[2025-11-30 23:40:44] ==================================================
[2025-11-30 23:40:44] Main.pyw launched
[2025-11-30 23:40:44] Python: C:\Users\Mon\AppData\Local\Programs\Python\Python311\python.exe
[2025-11-30 23:40:44] Version: 3.11.8 (tags/v3.11.8:db85d51, Feb  6 2024, 22:03:32) [MSC v.1937 64 bit (AMD64)]
[2025-11-30 23:40:44] Current Working Dir Before: C:\Users\Mon\Desktop\Mon
[2025-11-30 23:40:44] Main Root: c:\Users\Mon\Desktop\Mon\Main
[2025-11-30 23:40:44] Working Directory changed to: c:\Users\Mon\Desktop\Mon\Main
[2025-11-30 23:40:44] Apps folder exists: True
[2025-11-30 23:40:44] Apps folder contents: ['AHK_Tool', 'Android_Tool', 'AutoKey', 'Notes']
[2025-11-30 23:47:00] ==================================================
[2025-11-30 23:47:00] Main.pyw launched
[2025-11-30 23:47:00] Python: C:\Users\Mon\AppData\Local\Programs\Python\Python311\pythonw.exe
[2025-11-30 23:47:00] Version: 3.11.8 (tags/v3.11.8:db85d51, Feb  6 2024, 22:03:32) [MSC v.1937 64 bit (AMD64)]
[2025-11-30 23:47:00] Current Working Dir Before: C:\Users\Mon\Desktop\Mon\Main\Apps\AHK_Tool
[2025-11-30 23:47:00] Main Root: C:\Users\Mon\Desktop\Mon\Main
[2025-11-30 23:47:00] Working Directory changed to: C:\Users\Mon\Desktop\Mon\Main
[2025-11-30 23:47:00] Apps folder exists: True
[2025-11-30 23:47:00] Apps folder contents: ['AHK_Tool', 'Android_Tool', 'AutoKey', 'Notes']
[2025-11-30 23:47:04] ==================================================
[2025-11-30 23:47:04] Main.pyw launched
[2025-11-30 23:47:04] Python: C:\Users\Mon\AppData\Local\Programs\Python\Python311\pythonw.exe
[2025-11-30 23:47:04] Version: 3.11.8 (tags/v3.11.8:db85d51, Feb  6 2024, 22:03:32) [MSC v.1937 64 bit (AMD64)]
[2025-11-30 23:47:04] Current Working Dir Before: C:\Users\Mon\Desktop\Mon\Main\Apps\AHK_Tool
[2025-11-30 23:47:04] Main Root: C:\Users\Mon\Desktop\Mon\Main
[2025-11-30 23:47:04] Working Directory changed to: C:\Users\Mon\Desktop\Mon\Main
[2025-11-30 23:47:04] Apps folder exists: True
[2025-11-30 23:47:04] Apps folder contents: ['AHK_Tool', 'Android_Tool', 'AutoKey', 'Notes']
[2025-11-30 23:47:27] ==================================================
[2025-11-30 23:47:27] Main.pyw launched
[2025-11-30 23:47:27] Python: C:\Users\Mon\AppData\Local\Programs\Python\Python311\pythonw.exe
[2025-11-30 23:47:27] Version: 3.11.8 (tags/v3.11.8:db85d51, Feb  6 2024, 22:03:32) [MSC v.1937 64 bit (AMD64)]
[2025-11-30 23:47:27] Current Working Dir Before: C:\Users\Mon\Desktop\Mon\Main\Apps\AHK_Tool
[2025-11-30 23:47:27] Main Root: C:\Users\Mon\Desktop\Mon\Main
[2025-11-30 23:47:27] Working Directory changed to: C:\Users\Mon\Desktop\Mon\Main
[2025-11-30 23:47:27] Apps folder exists: True
[2025-11-30 23:47:27] Apps folder contents: ['AHK_Tool', 'Android_Tool', 'AutoKey', 'Notes']
[2025-11-30 23:48:27] ==================================================
[2025-11-30 23:48:27] Main.pyw launched
[2025-11-30 23:48:27] Python: C:\Users\Mon\AppData\Local\Programs\Python\Python311\python.exe
[2025-11-30 23:48:27] Version: 3.11.8 (tags/v3.11.8:db85d51, Feb  6 2024, 22:03:32) [MSC v.1937 64 bit (AMD64)]
[2025-11-30 23:48:27] Current Working Dir Before: C:\Users\Mon\Desktop\Mon\Main\Apps\AHK_Tool
[2025-11-30 23:48:27] Main Root: C:\Users\Mon\Desktop\Mon\Main
[2025-11-30 23:48:27] Working Directory changed to: C:\Users\Mon\Desktop\Mon\Main
[2025-11-30 23:48:27] Apps folder exists: True
[2025-11-30 23:48:27] Apps folder contents: ['AHK_Tool', 'Android_Tool', 'AutoKey', 'Notes']
[2025-11-30 23:48:58] ==================================================
[2025-11-30 23:48:58] Main.pyw launched
[2025-11-30 23:48:58] Python: C:\Users\Mon\AppData\Local\Programs\Python\Python311\python.exe
[2025-11-30 23:48:58] Version: 3.11.8 (tags/v3.11.8:db85d51, Feb  6 2024, 22:03:32) [MSC v.1937 64 bit (AMD64)]
[2025-11-30 23:48:58] Current Working Dir Before: C:\Users\Mon\Desktop\Mon\Main\Apps\AHK_Tool
[2025-11-30 23:48:58] Main Root: C:\Users\Mon\Desktop\Mon\Main
[2025-11-30 23:48:58] Working Directory changed to: C:\Users\Mon\Desktop\Mon\Main
[2025-11-30 23:48:58] Apps folder exists: True
[2025-11-30 23:48:58] Apps folder contents: ['AHK_Tool', 'Android_Tool', 'AutoKey', 'Notes']
[2025-11-30 23:49:30] ==================================================
[2025-11-30 23:49:30] Main.pyw launched
[2025-11-30 23:49:30] Python: C:\Users\Mon\AppData\Local\Programs\Python\Python311\python.exe
[2025-11-30 23:49:30] Version: 3.11.8 (tags/v3.11.8:db85d51, Feb  6 2024, 22:03:32) [MSC v.1937 64 bit (AMD64)]
[2025-11-30 23:49:30] Current Working Dir Before: C:\Users\Mon\Desktop\Mon\Main\Apps\AHK_Tool
[2025-11-30 23:49:30] Main Root: C:\Users\Mon\Desktop\Mon\Main
[2025-11-30 23:49:30] Working Directory changed to: C:\Users\Mon\Desktop\Mon\Main
[2025-11-30 23:49:30] Apps folder exists: True
[2025-11-30 23:49:30] Apps folder contents: ['AHK_Tool', 'Android_Tool', 'AutoKey', 'Notes']
[2025-11-30 23:53:06] ==================================================
[2025-11-30 23:53:06] Main.pyw launched
[2025-11-30 23:53:06] Python: C:\Users\Mon\AppData\Local\Programs\Python\Python311\python.exe
[2025-11-30 23:53:06] Version: 3.11.8 (tags/v3.11.8:db85d51, Feb  6 2024, 22:03:32) [MSC v.1937 64 bit (AMD64)]
[2025-11-30 23:53:06] Current Working Dir Before: C:\Users\Mon\Desktop\Mon\Main
[2025-11-30 23:53:06] Main Root: C:\Users\Mon\Desktop\Mon\Main
[2025-11-30 23:53:06] Working Directory already correct: C:\Users\Mon\Desktop\Mon\Main
[2025-11-30 23:53:06] Apps folder exists: True
[2025-11-30 23:53:06] Apps folder contents: ['AHK_Tool', 'Android_Tool', 'AutoKey', 'Notes']
[2025-11-30 23:53:22] ==================================================
[2025-11-30 23:53:22] Main.pyw launched
[2025-11-30 23:53:22] Python: C:\Users\Mon\AppData\Local\Programs\Python\Python311\python.exe
[2025-11-30 23:53:22] Version: 3.11.8 (tags/v3.11.8:db85d51, Feb  6 2024, 22:03:32) [MSC v.1937 64 bit (AMD64)]
[2025-11-30 23:53:22] Current Working Dir Before: C:\Users\Mon\Desktop\Mon\Main\Apps\AHK_Tool
[2025-11-30 23:53:22] Main Root: C:\Users\Mon\Desktop\Mon\Main
[2025-11-30 23:53:22] Working Directory changed to: C:\Users\Mon\Desktop\Mon\Main
[2025-11-30 23:53:22] Apps folder exists: True
[2025-11-30 23:53:22] Apps folder contents: ['AHK_Tool', 'Android_Tool', 'AutoKey', 'Notes']
[2025-11-30 23:56:03] ==================================================
[2025-11-30 23:56:03] Main.pyw launched
[2025-11-30 23:56:03] Python: C:\Users\Mon\AppData\Local\Programs\Python\Python311\python.exe
[2025-11-30 23:56:03] Version: 3.11.8 (tags/v3.11.8:db85d51, Feb  6 2024, 22:03:32) [MSC v.1937 64 bit (AMD64)]
[2025-11-30 23:56:03] Current Working Dir Before: C:\Users\Mon\Desktop\Mon\Main\Apps\AHK_Tool
[2025-11-30 23:56:03] Main Root: C:\Users\Mon\Desktop\Mon\Main
[2025-11-30 23:56:03] Working Directory changed to: C:\Users\Mon\Desktop\Mon\Main
[2025-11-30 23:56:03] Apps folder exists: True
[2025-11-30 23:56:03] Apps folder contents: ['AHK_Tool', 'Android_Tool', 'AutoKey', 'Notes']
[2025-11-30 23:56:46] ==================================================
[2025-11-30 23:56:46] Main.pyw launched
[2025-11-30 23:56:46] Python: C:\Users\Mon\AppData\Local\Programs\Python\Python311\python.exe
[2025-11-30 23:56:46] Version: 3.11.8 (tags/v3.11.8:db85d51, Feb  6 2024, 22:03:32) [MSC v.1937 64 bit (AMD64)]
[2025-11-30 23:56:46] Current Working Dir Before: C:\Users\Mon\Desktop\Mon\Main\Apps\AHK_Tool
[2025-11-30 23:56:46] Main Root: C:\Users\Mon\Desktop\Mon\Main
[2025-11-30 23:56:46] Working Directory changed to: C:\Users\Mon\Desktop\Mon\Main
[2025-11-30 23:56:46] Apps folder exists: True
[2025-11-30 23:56:46] Apps folder contents: ['AHK_Tool', 'Android_Tool', 'AutoKey', 'Notes']
[2025-11-30 23:57:30] ==================================================
[2025-11-30 23:57:30] Main.pyw launched
[2025-11-30 23:57:30] Python: C:\Users\Mon\AppData\Local\Programs\Python\Python311\python.exe
[2025-11-30 23:57:30] Version: 3.11.8 (tags/v3.11.8:db85d51, Feb  6 2024, 22:03:32) [MSC v.1937 64 bit (AMD64)]
[2025-11-30 23:57:30] Current Working Dir Before: C:\Users\Mon\Desktop\Mon\Main
[2025-11-30 23:57:30] Main Root: C:\Users\Mon\Desktop\Mon\Main
[2025-11-30 23:57:30] Working Directory already correct: C:\Users\Mon\Desktop\Mon\Main
[2025-11-30 23:57:30] Apps folder exists: True
[2025-11-30 23:57:30] Apps folder contents: ['AHK_Tool', 'Android_Tool', 'AutoKey', 'Notes']
[2025-11-30 23:57:38] ==================================================
[2025-11-30 23:57:38] Main.pyw launched
[2025-11-30 23:57:38] Python: C:\Users\Mon\AppData\Local\Programs\Python\Python311\python.exe
[2025-11-30 23:57:38] Version: 3.11.8 (tags/v3.11.8:db85d51, Feb  6 2024, 22:03:32) [MSC v.1937 64 bit (AMD64)]
[2025-11-30 23:57:38] Current Working Dir Before: C:\Users\Mon\Desktop\Mon\Main\Apps\AHK_Tool
[2025-11-30 23:57:38] Main Root: C:\Users\Mon\Desktop\Mon\Main
[2025-11-30 23:57:38] Working Directory changed to: C:\Users\Mon\Desktop\Mon\Main
[2025-11-30 23:57:38] Apps folder exists: True
[2025-11-30 23:57:38] Apps folder contents: ['AHK_Tool', 'Android_Tool', 'AutoKey', 'Notes']
[2025-12-01 00:00:01] ==================================================
[2025-12-01 00:00:01] Main.pyw launched
[2025-12-01 00:00:01] Python: C:\Users\Mon\AppData\Local\Programs\Python\Python311\python.exe
[2025-12-01 00:00:01] Version: 3.11.8 (tags/v3.11.8:db85d51, Feb  6 2024, 22:03:32) [MSC v.1937 64 bit (AMD64)]
[2025-12-01 00:00:01] Current Working Dir Before: C:\Users\Mon\Desktop\Mon\Main
[2025-12-01 00:00:01] Main Root: C:\Users\Mon\Desktop\Mon\Main
[2025-12-01 00:00:01] Working Directory already correct: C:\Users\Mon\Desktop\Mon\Main
[2025-12-01 00:00:01] Apps folder exists: True
[2025-12-01 00:00:01] Apps folder contents: ['AHK_Tool', 'Android_Tool', 'AutoKey', 'Notes']
[2025-12-01 00:23:35] ==================================================
[2025-12-01 00:23:35] Main.pyw launched
[2025-12-01 00:23:35] Python: C:\Users\Mon\AppData\Local\Programs\Python\Python311\python.exe
[2025-12-01 00:23:35] Version: 3.11.8 (tags/v3.11.8:db85d51, Feb  6 2024, 22:03:32) [MSC v.1937 64 bit (AMD64)]
[2025-12-01 00:23:35] Current Working Dir Before: C:\Users\Mon\Desktop\Mon\Main\Apps\AHK_Tool
[2025-12-01 00:23:35] Main Root: C:\Users\Mon\Desktop\Mon\Main
[2025-12-01 00:23:35] Working Directory changed to: C:\Users\Mon\Desktop\Mon\Main
[2025-12-01 00:23:35] Apps folder exists: True
[2025-12-01 00:23:35] Apps folder contents: ['AHK_Tool', 'Android_Tool', 'AutoKey', 'Notes']
[2025-12-01 02:57:41] ==================================================
[2025-12-01 02:57:41] Main.pyw launched
[2025-12-01 02:57:41] Python: C:\Users\Mon\AppData\Local\Programs\Python\Python311\python.exe
[2025-12-01 02:57:41] Version: 3.11.8 (tags/v3.11.8:db85d51, Feb  6 2024, 22:03:32) [MSC v.1937 64 bit (AMD64)]
[2025-12-01 02:57:41] Current Working Dir Before: C:\Users\Mon\Desktop\Mon\Main\Apps\AHK_Tool
[2025-12-01 02:57:41] Main Root: C:\Users\Mon\Desktop\Mon\Main
[2025-12-01 02:57:41] Working Directory changed to: C:\Users\Mon\Desktop\Mon\Main
[2025-12-01 02:57:41] Apps folder exists: True
[2025-12-01 02:57:41] Apps folder contents: ['AHK_Tool', 'Android_Tool', 'AutoKey', 'Notes']
[2025-12-01 06:13:33] ==================================================
[2025-12-01 06:13:33] Main.pyw launched
[2025-12-01 06:13:33] Python: C:\Users\Mon\AppData\Local\Programs\Python\Python311\python.exe
[2025-12-01 06:13:33] Version: 3.11.8 (tags/v3.11.8:db85d51, Feb  6 2024, 22:03:32) [MSC v.1937 64 bit (AMD64)]
[2025-12-01 06:13:33] Current Working Dir Before: C:\Users\Mon\Desktop\Mon\Main\Apps\AHK_Tool
[2025-12-01 06:13:33] Main Root: C:\Users\Mon\Desktop\Mon\Main
[2025-12-01 06:13:33] Working Directory changed to: C:\Users\Mon\Desktop\Mon\Main
[2025-12-01 06:13:33] Apps folder exists: True
[2025-12-01 06:13:33] Apps folder contents: ['AHK_Tool', 'Android_Tool', 'AutoKey', 'Notes']
[2025-12-01 06:44:04] ==================================================
[2025-12-01 06:44:04] Main.pyw launched
[2025-12-01 06:44:04] Python: C:\Users\Mon\AppData\Local\Programs\Python\Python311\python.exe
[2025-12-01 06:44:04] Version: 3.11.8 (tags/v3.11.8:db85d51, Feb  6 2024, 22:03:32) [MSC v.1937 64 bit (AMD64)]
[2025-12-01 06:44:04] Current Working Dir Before: C:\Users\Mon\Desktop\Mon\Main\Apps\AHK_Tool
[2025-12-01 06:44:04] Main Root: C:\Users\Mon\Desktop\Mon\Main
[2025-12-01 06:44:04] Working Directory changed to: C:\Users\Mon\Desktop\Mon\Main
[2025-12-01 06:44:04] Apps folder exists: True
[2025-12-01 06:44:04] Apps folder contents: ['AHK_Tool', 'Android_Tool', 'AutoKey', 'Notes']
[2025-12-01 06:50:30] ==================================================
[2025-12-01 06:50:30] Main.pyw launched
[2025-12-01 06:50:30] Python: C:\Users\Mon\AppData\Local\Programs\Python\Python311\python.exe
[2025-12-01 06:50:30] Version: 3.11.8 (tags/v3.11.8:db85d51, Feb  6 2024, 22:03:32) [MSC v.1937 64 bit (AMD64)]
[2025-12-01 06:50:30] Current Working Dir Before: C:\Users\Mon\Desktop\Mon\Main\Apps\AHK_Tool
[2025-12-01 06:50:30] Main Root: C:\Users\Mon\Desktop\Mon\Main
[2025-12-01 06:50:30] Working Directory changed to: C:\Users\Mon\Desktop\Mon\Main
[2025-12-01 06:50:30] Apps folder exists: True
[2025-12-01 06:50:30] Apps folder contents: ['AHK_Tool', 'Android_Tool', 'AutoKey', 'Notes']
[2025-12-01 06:58:02] ==================================================
[2025-12-01 06:58:02] Main.pyw launched
[2025-12-01 06:58:02] Python: C:\Users\Mon\AppData\Local\Programs\Python\Python311\python.exe
[2025-12-01 06:58:02] Version: 3.11.8 (tags/v3.11.8:db85d51, Feb  6 2024, 22:03:32) [MSC v.1937 64 bit (AMD64)]
[2025-12-01 06:58:02] Current Working Dir Before: C:\Users\Mon\Desktop\Mon\Main\Apps\AHK_Tool
[2025-12-01 06:58:02] Main Root: C:\Users\Mon\Desktop\Mon\Main
[2025-12-01 06:58:02] Working Directory changed to: C:\Users\Mon\Desktop\Mon\Main
[2025-12-01 06:58:02] Apps folder exists: True
[2025-12-01 06:58:02] Apps folder contents: ['AHK_Tool', 'Android_Tool', 'AutoKey', 'Notes']
[2025-12-01 07:00:59] ==================================================
[2025-12-01 07:00:59] Main.pyw launched
[2025-12-01 07:00:59] Python: C:\Users\Mon\AppData\Local\Programs\Python\Python311\python.exe
[2025-12-01 07:00:59] Version: 3.11.8 (tags/v3.11.8:db85d51, Feb  6 2024, 22:03:32) [MSC v.1937 64 bit (AMD64)]
[2025-12-01 07:00:59] Current Working Dir Before: C:\Users\Mon\Desktop\Mon\Main\Apps\AHK_Tool
[2025-12-01 07:00:59] Main Root: C:\Users\Mon\Desktop\Mon\Main
[2025-12-01 07:00:59] Working Directory changed to: C:\Users\Mon\Desktop\Mon\Main
[2025-12-01 07:00:59] Apps folder exists: True
[2025-12-01 07:00:59] Apps folder contents: ['AHK_Tool', 'Android_Tool', 'AutoKey', 'Notes']
[2025-12-01 07:01:52] ==================================================
[2025-12-01 07:01:52] Main.pyw launched
[2025-12-01 07:01:52] Python: C:\Users\Mon\AppData\Local\Programs\Python\Python311\python.exe
[2025-12-01 07:01:52] Version: 3.11.8 (tags/v3.11.8:db85d51, Feb  6 2024, 22:03:32) [MSC v.1937 64 bit (AMD64)]
[2025-12-01 07:01:52] Current Working Dir Before: C:\Users\Mon\Desktop\Mon\Main\Apps\AHK_Tool
[2025-12-01 07:01:52] Main Root: C:\Users\Mon\Desktop\Mon\Main
[2025-12-01 07:01:52] Working Directory changed to: C:\Users\Mon\Desktop\Mon\Main
[2025-12-01 07:01:52] Apps folder exists: True
[2025-12-01 07:01:52] Apps folder contents: ['AHK_Tool', 'Android_Tool', 'AutoKey', 'Notes']
[2025-12-01 07:04:15] ==================================================
[2025-12-01 07:04:15] Main.pyw launched
[2025-12-01 07:04:15] Python: C:\Users\Mon\AppData\Local\Programs\Python\Python311\python.exe
[2025-12-01 07:04:15] Version: 3.11.8 (tags/v3.11.8:db85d51, Feb  6 2024, 22:03:32) [MSC v.1937 64 bit (AMD64)]
[2025-12-01 07:04:15] Current Working Dir Before: C:\Users\Mon\Desktop\Mon\Main\Apps\AHK_Tool
[2025-12-01 07:04:15] Main Root: C:\Users\Mon\Desktop\Mon\Main
[2025-12-01 07:04:15] Working Directory changed to: C:\Users\Mon\Desktop\Mon\Main
[2025-12-01 07:04:15] Apps folder exists: True
[2025-12-01 07:04:15] Apps folder contents: ['AHK_Tool', 'Android_Tool', 'AutoKey', 'Notes']
[2025-12-01 07:04:21] ==================================================
[2025-12-01 07:04:21] Main.pyw launched
[2025-12-01 07:04:21] Python: C:\Users\Mon\AppData\Local\Programs\Python\Python311\python.exe
[2025-12-01 07:04:21] Version: 3.11.8 (tags/v3.11.8:db85d51, Feb  6 2024, 22:03:32) [MSC v.1937 64 bit (AMD64)]
[2025-12-01 07:04:21] Current Working Dir Before: C:\Users\Mon\Desktop\Mon\Main\Apps\AHK_Tool
[2025-12-01 07:04:21] Main Root: C:\Users\Mon\Desktop\Mon\Main
[2025-12-01 07:04:21] Working Directory changed to: C:\Users\Mon\Desktop\Mon\Main
[2025-12-01 07:04:21] Apps folder exists: True
[2025-12-01 07:04:21] Apps folder contents: ['AHK_Tool', 'Android_Tool', 'AutoKey', 'Notes']
[2025-12-01 07:08:27] ==================================================
[2025-12-01 07:08:27] Main.pyw launched
[2025-12-01 07:08:27] Python: C:\Users\Mon\AppData\Local\Programs\Python\Python311\python.exe
[2025-12-01 07:08:27] Version: 3.11.8 (tags/v3.11.8:db85d51, Feb  6 2024, 22:03:32) [MSC v.1937 64 bit (AMD64)]
[2025-12-01 07:08:27] Current Working Dir Before: C:\Users\Mon\Desktop\Mon\Main\Apps\AHK_Tool
[2025-12-01 07:08:27] Main Root: C:\Users\Mon\Desktop\Mon\Main
[2025-12-01 07:08:27] Working Directory changed to: C:\Users\Mon\Desktop\Mon\Main
[2025-12-01 07:08:27] Apps folder exists: True
[2025-12-01 07:08:27] Apps folder contents: ['AHK_Tool', 'Android_Tool', 'AutoKey', 'Notes']
[2025-12-01 07:10:09] ==================================================
[2025-12-01 07:10:09] Main.pyw launched
[2025-12-01 07:10:09] Python: C:\Users\Mon\AppData\Local\Programs\Python\Python311\python.exe
[2025-12-01 07:10:09] Version: 3.11.8 (tags/v3.11.8:db85d51, Feb  6 2024, 22:03:32) [MSC v.1937 64 bit (AMD64)]
[2025-12-01 07:10:09] Current Working Dir Before: C:\Users\Mon\Desktop\Mon\Main\Apps\AHK_Tool
[2025-12-01 07:10:09] Main Root: C:\Users\Mon\Desktop\Mon\Main
[2025-12-01 07:10:09] Working Directory changed to: C:\Users\Mon\Desktop\Mon\Main
[2025-12-01 07:10:09] Apps folder exists: True
[2025-12-01 07:10:09] Apps folder contents: ['AHK_Tool', 'Android_Tool', 'AutoKey', 'Notes']
[2025-12-01 07:11:38] ==================================================
[2025-12-01 07:11:38] Main.pyw launched
[2025-12-01 07:11:38] Python: C:\Users\Mon\AppData\Local\Programs\Python\Python311\python.exe
[2025-12-01 07:11:38] Version: 3.11.8 (tags/v3.11.8:db85d51, Feb  6 2024, 22:03:32) [MSC v.1937 64 bit (AMD64)]
[2025-12-01 07:11:38] Current Working Dir Before: C:\Users\Mon\Desktop\Mon\Main\Apps\AHK_Tool
[2025-12-01 07:11:38] Main Root: C:\Users\Mon\Desktop\Mon\Main
[2025-12-01 07:11:38] Working Directory changed to: C:\Users\Mon\Desktop\Mon\Main
[2025-12-01 07:11:38] Apps folder exists: True
[2025-12-01 07:11:38] Apps folder contents: ['AHK_Tool', 'Android_Tool', 'AutoKey', 'Notes']
[2025-12-01 07:12:04] ==================================================
[2025-12-01 07:12:04] Main.pyw launched
[2025-12-01 07:12:04] Python: C:\Users\Mon\AppData\Local\Programs\Python\Python311\python.exe
[2025-12-01 07:12:04] Version: 3.11.8 (tags/v3.11.8:db85d51, Feb  6 2024, 22:03:32) [MSC v.1937 64 bit (AMD64)]
[2025-12-01 07:12:04] Current Working Dir Before: C:\Users\Mon\Desktop\Mon\Main\Apps\AHK_Tool
[2025-12-01 07:12:04] Main Root: C:\Users\Mon\Desktop\Mon\Main
[2025-12-01 07:12:04] Working Directory changed to: C:\Users\Mon\Desktop\Mon\Main
[2025-12-01 07:12:04] Apps folder exists: True
[2025-12-01 07:12:04] Apps folder contents: ['AHK_Tool', 'Android_Tool', 'AutoKey', 'Notes']
[2025-12-01 07:13:35] ==================================================
[2025-12-01 07:13:35] Main.pyw launched
[2025-12-01 07:13:35] Python: C:\Users\Mon\AppData\Local\Programs\Python\Python311\python.exe
[2025-12-01 07:13:35] Version: 3.11.8 (tags/v3.11.8:db85d51, Feb  6 2024, 22:03:32) [MSC v.1937 64 bit (AMD64)]
[2025-12-01 07:13:35] Current Working Dir Before: C:\Users\Mon\Desktop\Mon\Main\Apps\AHK_Tool
[2025-12-01 07:13:35] Main Root: C:\Users\Mon\Desktop\Mon\Main
[2025-12-01 07:13:35] Working Directory changed to: C:\Users\Mon\Desktop\Mon\Main
[2025-12-01 07:13:35] Apps folder exists: True
[2025-12-01 07:13:35] Apps folder contents: ['AHK_Tool', 'Android_Tool', 'AutoKey', 'Notes']
[2025-12-01 07:16:21] ==================================================
[2025-12-01 07:16:21] Main.pyw launched
[2025-12-01 07:16:21] Python: C:\Users\Mon\AppData\Local\Programs\Python\Python311\python.exe
[2025-12-01 07:16:21] Version: 3.11.8 (tags/v3.11.8:db85d51, Feb  6 2024, 22:03:32) [MSC v.1937 64 bit (AMD64)]
[2025-12-01 07:16:21] Current Working Dir Before: C:\Users\Mon\Desktop\Mon\Main\Apps\AHK_Tool
[2025-12-01 07:16:21] Main Root: C:\Users\Mon\Desktop\Mon\Main
[2025-12-01 07:16:21] Working Directory changed to: C:\Users\Mon\Desktop\Mon\Main
[2025-12-01 07:16:21] Apps folder exists: True
[2025-12-01 07:16:21] Apps folder contents: ['AHK_Tool', 'Android_Tool', 'AutoKey', 'Notes']
[2025-12-01 07:18:03] ==================================================
[2025-12-01 07:18:03] Main.pyw launched
[2025-12-01 07:18:03] Python: C:\Users\Mon\AppData\Local\Programs\Python\Python311\python.exe
[2025-12-01 07:18:03] Version: 3.11.8 (tags/v3.11.8:db85d51, Feb  6 2024, 22:03:32) [MSC v.1937 64 bit (AMD64)]
[2025-12-01 07:18:03] Current Working Dir Before: C:\Users\Mon\Desktop\Mon\Main\Apps\AHK_Tool
[2025-12-01 07:18:03] Main Root: C:\Users\Mon\Desktop\Mon\Main
[2025-12-01 07:18:03] Working Directory changed to: C:\Users\Mon\Desktop\Mon\Main
[2025-12-01 07:18:03] Apps folder exists: True
[2025-12-01 07:18:03] Apps folder contents: ['AHK_Tool', 'Android_Tool', 'AutoKey', 'Notes']
[2025-12-01 07:25:18] ==================================================
[2025-12-01 07:25:18] Main.pyw launched
[2025-12-01 07:25:18] Python: C:\Users\Mon\AppData\Local\Programs\Python\Python311\python.exe
[2025-12-01 07:25:18] Version: 3.11.8 (tags/v3.11.8:db85d51, Feb  6 2024, 22:03:32) [MSC v.1937 64 bit (AMD64)]
[2025-12-01 07:25:18] Current Working Dir Before: C:\Users\Mon\Desktop\Mon\Main\Apps\AHK_Tool
[2025-12-01 07:25:18] Main Root: C:\Users\Mon\Desktop\Mon\Main
[2025-12-01 07:25:18] Working Directory changed to: C:\Users\Mon\Desktop\Mon\Main
[2025-12-01 07:25:18] Apps folder exists: True
[2025-12-01 07:25:18] Apps folder contents: ['AHK_Tool', 'Android_Tool', 'AutoKey', 'Notes']
[2025-12-01 07:26:58] ==================================================
[2025-12-01 07:26:58] Main.pyw launched
[2025-12-01 07:26:58] Python: C:\Users\Mon\AppData\Local\Programs\Python\Python311\python.exe
[2025-12-01 07:26:58] Version: 3.11.8 (tags/v3.11.8:db85d51, Feb  6 2024, 22:03:32) [MSC v.1937 64 bit (AMD64)]
[2025-12-01 07:26:58] Current Working Dir Before: C:\Users\Mon\Desktop\Mon\Main\Apps\AHK_Tool
[2025-12-01 07:26:58] Main Root: C:\Users\Mon\Desktop\Mon\Main
[2025-12-01 07:26:58] Working Directory changed to: C:\Users\Mon\Desktop\Mon\Main
[2025-12-01 07:26:58] Apps folder exists: True
[2025-12-01 07:26:58] Apps folder contents: ['AHK_Tool', 'Android_Tool', 'AutoKey', 'Notes']
[2025-12-01 07:28:16] ==================================================
[2025-12-01 07:28:16] Main.pyw launched
[2025-12-01 07:28:16] Python: C:\Users\Mon\AppData\Local\Programs\Python\Python311\python.exe
[2025-12-01 07:28:16] Version: 3.11.8 (tags/v3.11.8:db85d51, Feb  6 2024, 22:03:32) [MSC v.1937 64 bit (AMD64)]
[2025-12-01 07:28:16] Current Working Dir Before: C:\Users\Mon\Desktop\Mon\Main\Apps\AHK_Tool
[2025-12-01 07:28:16] Main Root: C:\Users\Mon\Desktop\Mon\Main
[2025-12-01 07:28:16] Working Directory changed to: C:\Users\Mon\Desktop\Mon\Main
[2025-12-01 07:28:16] Apps folder exists: True
[2025-12-01 07:28:16] Apps folder contents: ['AHK_Tool', 'Android_Tool', 'AutoKey', 'Notes']
[2025-12-01 07:32:28] ==================================================
[2025-12-01 07:32:28] Main.pyw launched
[2025-12-01 07:32:28] Python: C:\Users\Mon\AppData\Local\Programs\Python\Python311\python.exe
[2025-12-01 07:32:28] Version: 3.11.8 (tags/v3.11.8:db85d51, Feb  6 2024, 22:03:32) [MSC v.1937 64 bit (AMD64)]
[2025-12-01 07:32:28] Current Working Dir Before: C:\Users\Mon\Desktop\Mon\Main\Apps\AHK_Tool
[2025-12-01 07:32:28] Main Root: C:\Users\Mon\Desktop\Mon\Main
[2025-12-01 07:32:28] Working Directory changed to: C:\Users\Mon\Desktop\Mon\Main
[2025-12-01 07:32:28] Apps folder exists: True
[2025-12-01 07:32:28] Apps folder contents: ['AHK_Tool', 'Android_Tool', 'AutoKey', 'Notes']
[2025-12-01 07:51:21] ==================================================
[2025-12-01 07:51:21] Main.pyw launched
[2025-12-01 07:51:21] Python: C:\Users\Mon\AppData\Local\Programs\Python\Python311\python.exe
[2025-12-01 07:51:21] Version: 3.11.8 (tags/v3.11.8:db85d51, Feb  6 2024, 22:03:32) [MSC v.1937 64 bit (AMD64)]
[2025-12-01 07:51:21] Current Working Dir Before: C:\Users\Mon\Desktop\Mon\Main\Apps\AHK_Tool
[2025-12-01 07:51:21] Main Root: C:\Users\Mon\Desktop\Mon\Main
[2025-12-01 07:51:21] Working Directory changed to: C:\Users\Mon\Desktop\Mon\Main
[2025-12-01 07:51:21] Apps folder exists: True
[2025-12-01 07:51:21] Apps folder contents: ['AHK_Tool', 'Android_Tool', 'AutoKey', 'Notes']
[2025-12-01 07:51:44] ==================================================
[2025-12-01 07:51:44] Main.pyw launched
[2025-12-01 07:51:44] Python: C:\Users\Mon\AppData\Local\Programs\Python\Python311\python.exe
[2025-12-01 07:51:44] Version: 3.11.8 (tags/v3.11.8:db85d51, Feb  6 2024, 22:03:32) [MSC v.1937 64 bit (AMD64)]
[2025-12-01 07:51:44] Current Working Dir Before: C:\Users\Mon\Desktop\Mon\Main\Apps\AHK_Tool
[2025-12-01 07:51:44] Main Root: C:\Users\Mon\Desktop\Mon\Main
[2025-12-01 07:51:44] Working Directory changed to: C:\Users\Mon\Desktop\Mon\Main
[2025-12-01 07:51:44] Apps folder exists: True
[2025-12-01 07:51:44] Apps folder contents: ['AHK_Tool', 'Android_Tool', 'AutoKey', 'Notes']
[2025-12-01 07:52:31] ==================================================
[2025-12-01 07:52:31] Main.pyw launched
[2025-12-01 07:52:31] Python: C:\Users\Mon\AppData\Local\Programs\Python\Python311\python.exe
[2025-12-01 07:52:31] Version: 3.11.8 (tags/v3.11.8:db85d51, Feb  6 2024, 22:03:32) [MSC v.1937 64 bit (AMD64)]
[2025-12-01 07:52:31] Current Working Dir Before: C:\Users\Mon\Desktop\Mon\Main\Apps\AHK_Tool
[2025-12-01 07:52:31] Main Root: C:\Users\Mon\Desktop\Mon\Main
[2025-12-01 07:52:31] Working Directory changed to: C:\Users\Mon\Desktop\Mon\Main
[2025-12-01 07:52:31] Apps folder exists: True
[2025-12-01 07:52:31] Apps folder contents: ['AHK_Tool', 'Android_Tool', 'AutoKey', 'Notes']
[2025-12-01 07:55:31] ==================================================
[2025-12-01 07:55:31] Main.pyw launched
[2025-12-01 07:55:31] Python: C:\Users\Mon\AppData\Local\Programs\Python\Python311\python.exe
[2025-12-01 07:55:31] Version: 3.11.8 (tags/v3.11.8:db85d51, Feb  6 2024, 22:03:32) [MSC v.1937 64 bit (AMD64)]
[2025-12-01 07:55:31] Current Working Dir Before: C:\Users\Mon\Desktop\Mon\Main\Apps\AHK_Tool
[2025-12-01 07:55:31] Main Root: C:\Users\Mon\Desktop\Mon\Main
[2025-12-01 07:55:31] Working Directory changed to: C:\Users\Mon\Desktop\Mon\Main
[2025-12-01 07:55:31] Apps folder exists: True
[2025-12-01 07:55:31] Apps folder contents: ['AHK_Tool', 'Android_Tool', 'AutoKey', 'Notes']
[2025-12-01 08:25:28] ==================================================
[2025-12-01 08:25:28] Main.pyw launched
[2025-12-01 08:25:28] Python: C:\Users\Mon\AppData\Local\Programs\Python\Python311\python.exe
[2025-12-01 08:25:28] Version: 3.11.8 (tags/v3.11.8:db85d51, Feb  6 2024, 22:03:32) [MSC v.1937 64 bit (AMD64)]
[2025-12-01 08:25:28] Current Working Dir Before: C:\Users\Mon\Desktop\Mon\Main\Apps\AHK_Tool
[2025-12-01 08:25:28] Main Root: C:\Users\Mon\Desktop\Mon\Main
[2025-12-01 08:25:28] Working Directory changed to: C:\Users\Mon\Desktop\Mon\Main
[2025-12-01 08:25:28] Apps folder exists: True
[2025-12-01 08:25:28] Apps folder contents: ['AHK_Tool', 'Android_Tool', 'AutoKey', 'Notes']
[2025-12-01 08:33:17] ==================================================
[2025-12-01 08:33:17] Main.pyw launched
[2025-12-01 08:33:17] Python: C:\Users\Mon\AppData\Local\Programs\Python\Python311\python.exe
[2025-12-01 08:33:17] Version: 3.11.8 (tags/v3.11.8:db85d51, Feb  6 2024, 22:03:32) [MSC v.1937 64 bit (AMD64)]
[2025-12-01 08:33:17] Current Working Dir Before: C:\Users\Mon\Desktop\Mon\Main\Apps\AHK_Tool
[2025-12-01 08:33:17] Main Root: C:\Users\Mon\Desktop\Mon\Main
[2025-12-01 08:33:17] Working Directory changed to: C:\Users\Mon\Desktop\Mon\Main
[2025-12-01 08:33:17] Apps folder exists: True
[2025-12-01 08:33:17] Apps folder contents: ['AHK_Tool', 'Android_Tool', 'AutoKey', 'Notes']
[2025-12-01 08:41:20] ==================================================
[2025-12-01 08:41:20] Main.pyw launched
[2025-12-01 08:41:20] Python: C:\Users\Mon\AppData\Local\Programs\Python\Python311\python.exe
[2025-12-01 08:41:20] Version: 3.11.8 (tags/v3.11.8:db85d51, Feb  6 2024, 22:03:32) [MSC v.1937 64 bit (AMD64)]
[2025-12-01 08:41:20] Current Working Dir Before: C:\Users\Mon\Desktop\Mon\Main\Apps\AHK_Tool
[2025-12-01 08:41:20] Main Root: C:\Users\Mon\Desktop\Mon\Main
[2025-12-01 08:41:20] Working Directory changed to: C:\Users\Mon\Desktop\Mon\Main
[2025-12-01 08:41:20] Apps folder exists: True
[2025-12-01 08:41:20] Apps folder contents: ['AHK_Tool', 'Android_Tool', 'AutoKey', 'Notes']
[2025-12-01 08:50:22] ==================================================
[2025-12-01 08:50:22] Main.pyw launched
[2025-12-01 08:50:22] Python: C:\Users\Mon\AppData\Local\Programs\Python\Python311\python.exe
[2025-12-01 08:50:22] Version: 3.11.8 (tags/v3.11.8:db85d51, Feb  6 2024, 22:03:32) [MSC v.1937 64 bit (AMD64)]
[2025-12-01 08:50:22] Current Working Dir Before: C:\Users\Mon\Desktop\Mon\Main\Apps\AHK_Tool
[2025-12-01 08:50:22] Main Root: C:\Users\Mon\Desktop\Mon\Main
[2025-12-01 08:50:22] Working Directory changed to: C:\Users\Mon\Desktop\Mon\Main
[2025-12-01 08:50:22] Apps folder exists: True
[2025-12-01 08:50:22] Apps folder contents: ['AHK_Tool', 'Android_Tool', 'AutoKey', 'Notes']
[2025-12-01 08:52:26] ==================================================
[2025-12-01 08:52:26] Main.pyw launched
[2025-12-01 08:52:26] Python: C:\Users\Mon\AppData\Local\Programs\Python\Python311\python.exe
[2025-12-01 08:52:26] Version: 3.11.8 (tags/v3.11.8:db85d51, Feb  6 2024, 22:03:32) [MSC v.1937 64 bit (AMD64)]
[2025-12-01 08:52:26] Current Working Dir Before: C:\Users\Mon\Desktop\Mon\Main\Apps\AHK_Tool
[2025-12-01 08:52:26] Main Root: C:\Users\Mon\Desktop\Mon\Main
[2025-12-01 08:52:26] Working Directory changed to: C:\Users\Mon\Desktop\Mon\Main
[2025-12-01 08:52:26] Apps folder exists: True
[2025-12-01 08:52:26] Apps folder contents: ['AHK_Tool', 'Android_Tool', 'AutoKey', 'Notes']
[2025-12-01 08:52:35] ==================================================
[2025-12-01 08:52:35] Main.pyw launched
[2025-12-01 08:52:35] Python: C:\Users\Mon\AppData\Local\Programs\Python\Python311\python.exe
[2025-12-01 08:52:35] Version: 3.11.8 (tags/v3.11.8:db85d51, Feb  6 2024, 22:03:32) [MSC v.1937 64 bit (AMD64)]
[2025-12-01 08:52:35] Current Working Dir Before: C:\Users\Mon\Desktop\Mon\Main\Apps\AHK_Tool
[2025-12-01 08:52:35] Main Root: C:\Users\Mon\Desktop\Mon\Main
[2025-12-01 08:52:35] Working Directory changed to: C:\Users\Mon\Desktop\Mon\Main
[2025-12-01 08:52:35] Apps folder exists: True
[2025-12-01 08:52:35] Apps folder contents: ['AHK_Tool', 'Android_Tool', 'AutoKey', 'Notes']
[2025-12-01 08:53:55] ==================================================
[2025-12-01 08:53:55] Main.pyw launched
[2025-12-01 08:53:55] Python: C:\Users\Mon\AppData\Local\Programs\Python\Python311\python.exe
[2025-12-01 08:53:55] Version: 3.11.8 (tags/v3.11.8:db85d51, Feb  6 2024, 22:03:32) [MSC v.1937 64 bit (AMD64)]
[2025-12-01 08:53:55] Current Working Dir Before: C:\Users\Mon\Desktop\Mon\Main\Apps\AHK_Tool
[2025-12-01 08:53:55] Main Root: C:\Users\Mon\Desktop\Mon\Main
[2025-12-01 08:53:55] Working Directory changed to: C:\Users\Mon\Desktop\Mon\Main
[2025-12-01 08:53:55] Apps folder exists: True
[2025-12-01 08:53:55] Apps folder contents: ['AHK_Tool', 'Android_Tool', 'AutoKey', 'Notes']
[2025-12-01 09:00:30] ==================================================
[2025-12-01 09:00:30] Main.pyw launched
[2025-12-01 09:00:30] Python: C:\Users\Mon\AppData\Local\Programs\Python\Python311\python.exe
[2025-12-01 09:00:30] Version: 3.11.8 (tags/v3.11.8:db85d51, Feb  6 2024, 22:03:32) [MSC v.1937 64 bit (AMD64)]
[2025-12-01 09:00:30] Current Working Dir Before: C:\Users\Mon\Desktop\Mon\Main\Apps\AHK_Tool
[2025-12-01 09:00:30] Main Root: C:\Users\Mon\Desktop\Mon\Main
[2025-12-01 09:00:30] Working Directory changed to: C:\Users\Mon\Desktop\Mon\Main
[2025-12-01 09:00:30] Apps folder exists: True
[2025-12-01 09:00:30] Apps folder contents: ['AHK_Tool', 'Android_Tool', 'AutoKey', 'Notes']
[2025-12-01 09:08:52] ==================================================
[2025-12-01 09:08:52] Main.pyw launched
[2025-12-01 09:08:52] Python: C:\Users\Mon\AppData\Local\Programs\Python\Python311\python.exe
[2025-12-01 09:08:52] Version: 3.11.8 (tags/v3.11.8:db85d51, Feb  6 2024, 22:03:32) [MSC v.1937 64 bit (AMD64)]
[2025-12-01 09:08:52] Current Working Dir Before: C:\Users\Mon\Desktop\Mon\Main\Apps\AHK_Tool
[2025-12-01 09:08:52] Main Root: C:\Users\Mon\Desktop\Mon\Main
[2025-12-01 09:08:52] Working Directory changed to: C:\Users\Mon\Desktop\Mon\Main
[2025-12-01 09:08:52] Apps folder exists: True
[2025-12-01 09:08:52] Apps folder contents: ['AHK_Tool', 'Android_Tool', 'AutoKey', 'Notes']
[2025-12-01 09:17:05] ==================================================
[2025-12-01 09:17:05] Main.pyw launched
[2025-12-01 09:17:05] Python: C:\Users\Mon\AppData\Local\Programs\Python\Python311\python.exe
[2025-12-01 09:17:05] Version: 3.11.8 (tags/v3.11.8:db85d51, Feb  6 2024, 22:03:32) [MSC v.1937 64 bit (AMD64)]
[2025-12-01 09:17:05] Current Working Dir Before: C:\Users\Mon\Desktop\Mon\Main\Apps\AHK_Tool
[2025-12-01 09:17:05] Main Root: C:\Users\Mon\Desktop\Mon\Main
[2025-12-01 09:17:05] Working Directory changed to: C:\Users\Mon\Desktop\Mon\Main
[2025-12-01 09:17:05] Apps folder exists: True
[2025-12-01 09:17:05] Apps folder contents: ['AHK_Tool', 'Android_Tool', 'AutoKey', 'Notes']
[2025-12-01 09:27:50] ==================================================
[2025-12-01 09:27:50] Main.pyw launched
[2025-12-01 09:27:50] Python: C:\Users\Mon\AppData\Local\Programs\Python\Python311\python.exe
[2025-12-01 09:27:50] Version: 3.11.8 (tags/v3.11.8:db85d51, Feb  6 2024, 22:03:32) [MSC v.1937 64 bit (AMD64)]
[2025-12-01 09:27:50] Current Working Dir Before: C:\Users\Mon\Desktop\Mon\Main\Apps\AHK_Tool
[2025-12-01 09:27:50] Main Root: C:\Users\Mon\Desktop\Mon\Main
[2025-12-01 09:27:50] Working Directory changed to: C:\Users\Mon\Desktop\Mon\Main
[2025-12-01 09:27:50] Apps folder exists: True
[2025-12-01 09:27:50] Apps folder contents: ['AHK_Tool', 'Android_Tool', 'AutoKey', 'Notes']
[2025-12-01 09:33:48] ==================================================
[2025-12-01 09:33:48] Main.pyw launched
[2025-12-01 09:33:48] Python: C:\Users\Mon\AppData\Local\Programs\Python\Python311\python.exe
[2025-12-01 09:33:48] Version: 3.11.8 (tags/v3.11.8:db85d51, Feb  6 2024, 22:03:32) [MSC v.1937 64 bit (AMD64)]
[2025-12-01 09:33:48] Current Working Dir Before: C:\Users\Mon\Desktop\Mon\Main\Apps\AHK_Tool
[2025-12-01 09:33:48] Main Root: C:\Users\Mon\Desktop\Mon\Main
[2025-12-01 09:33:48] Working Directory changed to: C:\Users\Mon\Desktop\Mon\Main
[2025-12-01 09:33:48] Apps folder exists: True
[2025-12-01 09:33:48] Apps folder contents: ['AHK_Tool', 'Android_Tool', 'AutoKey', 'Notes']
[2025-12-01 09:41:35] ==================================================
[2025-12-01 09:41:35] Main.pyw launched
[2025-12-01 09:41:35] Python: C:\Users\Mon\AppData\Local\Programs\Python\Python311\python.exe
[2025-12-01 09:41:35] Version: 3.11.8 (tags/v3.11.8:db85d51, Feb  6 2024, 22:03:32) [MSC v.1937 64 bit (AMD64)]
[2025-12-01 09:41:35] Current Working Dir Before: C:\Users\Mon\Desktop\Mon\Main\Apps\AHK_Tool
[2025-12-01 09:41:35] Main Root: C:\Users\Mon\Desktop\Mon\Main
[2025-12-01 09:41:35] Working Directory changed to: C:\Users\Mon\Desktop\Mon\Main
[2025-12-01 09:41:35] Apps folder exists: True
[2025-12-01 09:41:35] Apps folder contents: ['AHK_Tool', 'Android_Tool', 'AutoKey', 'Notes']
[2025-12-01 09:44:24] ==================================================
[2025-12-01 09:44:24] Main.pyw launched
[2025-12-01 09:44:24] Python: C:\Users\Mon\AppData\Local\Programs\Python\Python311\python.exe
[2025-12-01 09:44:24] Version: 3.11.8 (tags/v3.11.8:db85d51, Feb  6 2024, 22:03:32) [MSC v.1937 64 bit (AMD64)]
[2025-12-01 09:44:24] Current Working Dir Before: C:\Users\Mon\Desktop\Mon\Main\Apps\AHK_Tool
[2025-12-01 09:44:24] Main Root: C:\Users\Mon\Desktop\Mon\Main
[2025-12-01 09:44:24] Working Directory changed to: C:\Users\Mon\Desktop\Mon\Main
[2025-12-01 09:44:24] Apps folder exists: True
[2025-12-01 09:44:24] Apps folder contents: ['AHK_Tool', 'Android_Tool', 'AutoKey', 'Notes']
[2025-12-01 09:49:51] ==================================================
[2025-12-01 09:49:51] Main.pyw launched
[2025-12-01 09:49:51] Python: C:\Users\Mon\AppData\Local\Programs\Python\Python311\python.exe
[2025-12-01 09:49:51] Version: 3.11.8 (tags/v3.11.8:db85d51, Feb  6 2024, 22:03:32) [MSC v.1937 64 bit (AMD64)]
[2025-12-01 09:49:51] Current Working Dir Before: C:\Users\Mon\Desktop\Mon\Main\Apps\AHK_Tool
[2025-12-01 09:49:51] Main Root: C:\Users\Mon\Desktop\Mon\Main
[2025-12-01 09:49:51] Working Directory changed to: C:\Users\Mon\Desktop\Mon\Main
[2025-12-01 09:49:51] Apps folder exists: True
[2025-12-01 09:49:51] Apps folder contents: ['AHK_Tool', 'Android_Tool', 'AutoKey', 'Notes']
[2025-12-01 10:04:08] ==================================================
[2025-12-01 10:04:08] Main.pyw launched
[2025-12-01 10:04:08] Python: C:\Users\Mon\AppData\Local\Programs\Python\Python311\python.exe
[2025-12-01 10:04:08] Version: 3.11.8 (tags/v3.11.8:db85d51, Feb  6 2024, 22:03:32) [MSC v.1937 64 bit (AMD64)]
[2025-12-01 10:04:08] Current Working Dir Before: C:\Users\Mon\Desktop\Mon\Main\Apps\AHK_Tool
[2025-12-01 10:04:08] Main Root: C:\Users\Mon\Desktop\Mon\Main
[2025-12-01 10:04:08] Working Directory changed to: C:\Users\Mon\Desktop\Mon\Main
[2025-12-01 10:04:08] Apps folder exists: True
[2025-12-01 10:04:08] Apps folder contents: ['AHK_Tool', 'Android_Tool', 'AutoKey', 'Notes']
[2025-12-01 12:59:14] ==================================================
[2025-12-01 12:59:14] Main.pyw launched
[2025-12-01 12:59:14] Python: C:\Users\Mon\AppData\Local\Programs\Python\Python311\python.exe
[2025-12-01 12:59:14] Version: 3.11.8 (tags/v3.11.8:db85d51, Feb  6 2024, 22:03:32) [MSC v.1937 64 bit (AMD64)]
[2025-12-01 12:59:14] Current Working Dir Before: C:\Users\Mon\Desktop\Mon\Main\Apps\AHK_Tool
[2025-12-01 12:59:14] Main Root: C:\Users\Mon\Desktop\Mon\Main
[2025-12-01 12:59:14] Working Directory changed to: C:\Users\Mon\Desktop\Mon\Main
[2025-12-01 12:59:14] Apps folder exists: True
[2025-12-01 12:59:14] Apps folder contents: ['AHK_Tool', 'Android_Tool', 'AutoKey', 'Notes']
